============================= test session starts ==============================
platform darwin -- Python 3.11.5, pytest-8.2.0, pluggy-1.6.0
PySide6 6.6.1 -- Qt runtime 6.6.1 -- Qt compiled 6.6.1
benchmark: 5.1.0 (defaults: timer=time.perf_counter disable_gc=False min_rounds=5 min_time=0.000005 max_time=1.0 calibration_precision=10 warmup=False warmup_iterations=100000)
rootdir: /Users/hawzhin/Montage
configfile: pytest.ini
plugins: anyio-4.9.0, timeout-2.4.0, cov-4.1.0, hypothesis-6.135.6, qt-4.5.0, benchmark-5.1.0, archon-0.0.5, Faker-24.0.0, asyncio-0.23.6, mock-3.14.0, typeguard-4.4.2
asyncio: mode=Mode.STRICT
collected 47 items

tests/test_security.py EEEEEEEEEEEE                                      [ 25%]
tests/test_video_validator.py EEEEEEEEEEEEEE                             [ 55%]
tests/test_exceptions.py EEEEEEEEEEEEEEE                                 [ 87%]
tests/test_e2e.py EEEEEE                                                 [100%]

==================================== ERRORS ====================================
_____________ ERROR at setup of TestPathSecurity.test_valid_paths ______________
../.pyenv/versions/3.11.5/lib/python3.11/site-packages/urllib3/connectionpool.py:787: in urlopen
    response = self._make_request(
../.pyenv/versions/3.11.5/lib/python3.11/site-packages/urllib3/connectionpool.py:493: in _make_request
    conn.request(
../.pyenv/versions/3.11.5/lib/python3.11/site-packages/urllib3/connection.py:494: in request
    self.endheaders()
../.pyenv/versions/3.11.5/lib/python3.11/http/client.py:1281: in endheaders
    self._send_output(message_body, encode_chunked=encode_chunked)
../.pyenv/versions/3.11.5/lib/python3.11/http/client.py:1041: in _send_output
    self.send(msg)
../.pyenv/versions/3.11.5/lib/python3.11/http/client.py:979: in send
    self.connect()
../.pyenv/versions/3.11.5/lib/python3.11/site-packages/docker/transport/unixconn.py:26: in connect
    sock.connect(self.unix_socket)
E   FileNotFoundError: [Errno 2] No such file or directory

During handling of the above exception, another exception occurred:
../.pyenv/versions/3.11.5/lib/python3.11/site-packages/requests/adapters.py:667: in send
    resp = conn.urlopen(
../.pyenv/versions/3.11.5/lib/python3.11/site-packages/urllib3/connectionpool.py:841: in urlopen
    retries = retries.increment(
../.pyenv/versions/3.11.5/lib/python3.11/site-packages/urllib3/util/retry.py:474: in increment
    raise reraise(type(error), error, _stacktrace)
../.pyenv/versions/3.11.5/lib/python3.11/site-packages/urllib3/util/util.py:38: in reraise
    raise value.with_traceback(tb)
../.pyenv/versions/3.11.5/lib/python3.11/site-packages/urllib3/connectionpool.py:787: in urlopen
    response = self._make_request(
../.pyenv/versions/3.11.5/lib/python3.11/site-packages/urllib3/connectionpool.py:493: in _make_request
    conn.request(
../.pyenv/versions/3.11.5/lib/python3.11/site-packages/urllib3/connection.py:494: in request
    self.endheaders()
../.pyenv/versions/3.11.5/lib/python3.11/http/client.py:1281: in endheaders
    self._send_output(message_body, encode_chunked=encode_chunked)
../.pyenv/versions/3.11.5/lib/python3.11/http/client.py:1041: in _send_output
    self.send(msg)
../.pyenv/versions/3.11.5/lib/python3.11/http/client.py:979: in send
    self.connect()
../.pyenv/versions/3.11.5/lib/python3.11/site-packages/docker/transport/unixconn.py:26: in connect
    sock.connect(self.unix_socket)
E   urllib3.exceptions.ProtocolError: ('Connection aborted.', FileNotFoundError(2, 'No such file or directory'))

During handling of the above exception, another exception occurred:
../.pyenv/versions/3.11.5/lib/python3.11/site-packages/docker/api/client.py:223: in _retrieve_server_version
    return self.version(api_version=False)["ApiVersion"]
../.pyenv/versions/3.11.5/lib/python3.11/site-packages/docker/api/daemon.py:181: in version
    return self._result(self._get(url), json=True)
../.pyenv/versions/3.11.5/lib/python3.11/site-packages/docker/utils/decorators.py:44: in inner
    return f(self, *args, **kwargs)
../.pyenv/versions/3.11.5/lib/python3.11/site-packages/docker/api/client.py:246: in _get
    return self.get(url, **self._set_request_timeout(kwargs))
../.pyenv/versions/3.11.5/lib/python3.11/site-packages/requests/sessions.py:602: in get
    return self.request("GET", url, **kwargs)
../.pyenv/versions/3.11.5/lib/python3.11/site-packages/requests/sessions.py:589: in request
    resp = self.send(prep, **send_kwargs)
../.pyenv/versions/3.11.5/lib/python3.11/site-packages/requests/sessions.py:703: in send
    r = adapter.send(request, **kwargs)
../.pyenv/versions/3.11.5/lib/python3.11/site-packages/requests/adapters.py:682: in send
    raise ConnectionError(err, request=request)
E   requests.exceptions.ConnectionError: ('Connection aborted.', FileNotFoundError(2, 'No such file or directory'))

The above exception was the direct cause of the following exception:
../.pyenv/versions/3.11.5/lib/python3.11/site-packages/pytestqt/plugin.py:178: in pytest_runtest_setup
    result = yield
tests/conftest.py:53: in docker_services
    pg_container = PostgresContainer("postgres:15-alpine")
../.pyenv/versions/3.11.5/lib/python3.11/site-packages/testcontainers/postgres/__init__.py:61: in __init__
    super().__init__(image=image, **kwargs)
../.pyenv/versions/3.11.5/lib/python3.11/site-packages/testcontainers/core/container.py:46: in __init__
    self._docker = DockerClient(**(docker_client_kw or {}))
../.pyenv/versions/3.11.5/lib/python3.11/site-packages/testcontainers/core/docker_client.py:56: in __init__
    self.client = docker.from_env(**kwargs)
../.pyenv/versions/3.11.5/lib/python3.11/site-packages/docker/client.py:94: in from_env
    return cls(
../.pyenv/versions/3.11.5/lib/python3.11/site-packages/docker/client.py:45: in __init__
    self.api = APIClient(*args, **kwargs)
../.pyenv/versions/3.11.5/lib/python3.11/site-packages/docker/api/client.py:207: in __init__
    self._version = self._retrieve_server_version()
../.pyenv/versions/3.11.5/lib/python3.11/site-packages/docker/api/client.py:230: in _retrieve_server_version
    raise DockerException(
E   docker.errors.DockerException: Error while fetching server API version: ('Connection aborted.', FileNotFoundError(2, 'No such file or directory'))
_______ ERROR at setup of TestPathSecurity.test_path_traversal_detection _______
../.pyenv/versions/3.11.5/lib/python3.11/site-packages/urllib3/connectionpool.py:787: in urlopen
    response = self._make_request(
../.pyenv/versions/3.11.5/lib/python3.11/site-packages/urllib3/connectionpool.py:493: in _make_request
    conn.request(
../.pyenv/versions/3.11.5/lib/python3.11/site-packages/urllib3/connection.py:494: in request
    self.endheaders()
../.pyenv/versions/3.11.5/lib/python3.11/http/client.py:1281: in endheaders
    self._send_output(message_body, encode_chunked=encode_chunked)
../.pyenv/versions/3.11.5/lib/python3.11/http/client.py:1041: in _send_output
    self.send(msg)
../.pyenv/versions/3.11.5/lib/python3.11/http/client.py:979: in send
    self.connect()
../.pyenv/versions/3.11.5/lib/python3.11/site-packages/docker/transport/unixconn.py:26: in connect
    sock.connect(self.unix_socket)
E   FileNotFoundError: [Errno 2] No such file or directory

During handling of the above exception, another exception occurred:
../.pyenv/versions/3.11.5/lib/python3.11/site-packages/requests/adapters.py:667: in send
    resp = conn.urlopen(
../.pyenv/versions/3.11.5/lib/python3.11/site-packages/urllib3/connectionpool.py:841: in urlopen
    retries = retries.increment(
../.pyenv/versions/3.11.5/lib/python3.11/site-packages/urllib3/util/retry.py:474: in increment
    raise reraise(type(error), error, _stacktrace)
../.pyenv/versions/3.11.5/lib/python3.11/site-packages/urllib3/util/util.py:38: in reraise
    raise value.with_traceback(tb)
../.pyenv/versions/3.11.5/lib/python3.11/site-packages/urllib3/connectionpool.py:787: in urlopen
    response = self._make_request(
../.pyenv/versions/3.11.5/lib/python3.11/site-packages/urllib3/connectionpool.py:493: in _make_request
    conn.request(
../.pyenv/versions/3.11.5/lib/python3.11/site-packages/urllib3/connection.py:494: in request
    self.endheaders()
../.pyenv/versions/3.11.5/lib/python3.11/http/client.py:1281: in endheaders
    self._send_output(message_body, encode_chunked=encode_chunked)
../.pyenv/versions/3.11.5/lib/python3.11/http/client.py:1041: in _send_output
    self.send(msg)
../.pyenv/versions/3.11.5/lib/python3.11/http/client.py:979: in send
    self.connect()
../.pyenv/versions/3.11.5/lib/python3.11/site-packages/docker/transport/unixconn.py:26: in connect
    sock.connect(self.unix_socket)
E   urllib3.exceptions.ProtocolError: ('Connection aborted.', FileNotFoundError(2, 'No such file or directory'))

During handling of the above exception, another exception occurred:
../.pyenv/versions/3.11.5/lib/python3.11/site-packages/docker/api/client.py:223: in _retrieve_server_version
    return self.version(api_version=False)["ApiVersion"]
../.pyenv/versions/3.11.5/lib/python3.11/site-packages/docker/api/daemon.py:181: in version
    return self._result(self._get(url), json=True)
../.pyenv/versions/3.11.5/lib/python3.11/site-packages/docker/utils/decorators.py:44: in inner
    return f(self, *args, **kwargs)
../.pyenv/versions/3.11.5/lib/python3.11/site-packages/docker/api/client.py:246: in _get
    return self.get(url, **self._set_request_timeout(kwargs))
../.pyenv/versions/3.11.5/lib/python3.11/site-packages/requests/sessions.py:602: in get
    return self.request("GET", url, **kwargs)
../.pyenv/versions/3.11.5/lib/python3.11/site-packages/requests/sessions.py:589: in request
    resp = self.send(prep, **send_kwargs)
../.pyenv/versions/3.11.5/lib/python3.11/site-packages/requests/sessions.py:703: in send
    r = adapter.send(request, **kwargs)
../.pyenv/versions/3.11.5/lib/python3.11/site-packages/requests/adapters.py:682: in send
    raise ConnectionError(err, request=request)
E   requests.exceptions.ConnectionError: ('Connection aborted.', FileNotFoundError(2, 'No such file or directory'))

The above exception was the direct cause of the following exception:
../.pyenv/versions/3.11.5/lib/python3.11/site-packages/pytestqt/plugin.py:178: in pytest_runtest_setup
    result = yield
../.pyenv/versions/3.11.5/lib/python3.11/site-packages/pytestqt/plugin.py:178: in pytest_runtest_setup
    result = yield
tests/conftest.py:53: in docker_services
    pg_container = PostgresContainer("postgres:15-alpine")
../.pyenv/versions/3.11.5/lib/python3.11/site-packages/testcontainers/postgres/__init__.py:61: in __init__
    super().__init__(image=image, **kwargs)
../.pyenv/versions/3.11.5/lib/python3.11/site-packages/testcontainers/core/container.py:46: in __init__
    self._docker = DockerClient(**(docker_client_kw or {}))
../.pyenv/versions/3.11.5/lib/python3.11/site-packages/testcontainers/core/docker_client.py:56: in __init__
    self.client = docker.from_env(**kwargs)
../.pyenv/versions/3.11.5/lib/python3.11/site-packages/docker/client.py:94: in from_env
    return cls(
../.pyenv/versions/3.11.5/lib/python3.11/site-packages/docker/client.py:45: in __init__
    self.api = APIClient(*args, **kwargs)
../.pyenv/versions/3.11.5/lib/python3.11/site-packages/docker/api/client.py:207: in __init__
    self._version = self._retrieve_server_version()
../.pyenv/versions/3.11.5/lib/python3.11/site-packages/docker/api/client.py:230: in _retrieve_server_version
    raise DockerException(
E   docker.errors.DockerException: Error while fetching server API version: ('Connection aborted.', FileNotFoundError(2, 'No such file or directory'))
_________ ERROR at setup of TestPathSecurity.test_filename_validation __________
../.pyenv/versions/3.11.5/lib/python3.11/site-packages/urllib3/connectionpool.py:787: in urlopen
    response = self._make_request(
../.pyenv/versions/3.11.5/lib/python3.11/site-packages/urllib3/connectionpool.py:493: in _make_request
    conn.request(
../.pyenv/versions/3.11.5/lib/python3.11/site-packages/urllib3/connection.py:494: in request
    self.endheaders()
../.pyenv/versions/3.11.5/lib/python3.11/http/client.py:1281: in endheaders
    self._send_output(message_body, encode_chunked=encode_chunked)
../.pyenv/versions/3.11.5/lib/python3.11/http/client.py:1041: in _send_output
    self.send(msg)
../.pyenv/versions/3.11.5/lib/python3.11/http/client.py:979: in send
    self.connect()
../.pyenv/versions/3.11.5/lib/python3.11/site-packages/docker/transport/unixconn.py:26: in connect
    sock.connect(self.unix_socket)
E   FileNotFoundError: [Errno 2] No such file or directory

During handling of the above exception, another exception occurred:
../.pyenv/versions/3.11.5/lib/python3.11/site-packages/requests/adapters.py:667: in send
    resp = conn.urlopen(
../.pyenv/versions/3.11.5/lib/python3.11/site-packages/urllib3/connectionpool.py:841: in urlopen
    retries = retries.increment(
../.pyenv/versions/3.11.5/lib/python3.11/site-packages/urllib3/util/retry.py:474: in increment
    raise reraise(type(error), error, _stacktrace)
../.pyenv/versions/3.11.5/lib/python3.11/site-packages/urllib3/util/util.py:38: in reraise
    raise value.with_traceback(tb)
../.pyenv/versions/3.11.5/lib/python3.11/site-packages/urllib3/connectionpool.py:787: in urlopen
    response = self._make_request(
../.pyenv/versions/3.11.5/lib/python3.11/site-packages/urllib3/connectionpool.py:493: in _make_request
    conn.request(
../.pyenv/versions/3.11.5/lib/python3.11/site-packages/urllib3/connection.py:494: in request
    self.endheaders()
../.pyenv/versions/3.11.5/lib/python3.11/http/client.py:1281: in endheaders
    self._send_output(message_body, encode_chunked=encode_chunked)
../.pyenv/versions/3.11.5/lib/python3.11/http/client.py:1041: in _send_output
    self.send(msg)
../.pyenv/versions/3.11.5/lib/python3.11/http/client.py:979: in send
    self.connect()
../.pyenv/versions/3.11.5/lib/python3.11/site-packages/docker/transport/unixconn.py:26: in connect
    sock.connect(self.unix_socket)
E   urllib3.exceptions.ProtocolError: ('Connection aborted.', FileNotFoundError(2, 'No such file or directory'))

During handling of the above exception, another exception occurred:
../.pyenv/versions/3.11.5/lib/python3.11/site-packages/docker/api/client.py:223: in _retrieve_server_version
    return self.version(api_version=False)["ApiVersion"]
../.pyenv/versions/3.11.5/lib/python3.11/site-packages/docker/api/daemon.py:181: in version
    return self._result(self._get(url), json=True)
../.pyenv/versions/3.11.5/lib/python3.11/site-packages/docker/utils/decorators.py:44: in inner
    return f(self, *args, **kwargs)
../.pyenv/versions/3.11.5/lib/python3.11/site-packages/docker/api/client.py:246: in _get
    return self.get(url, **self._set_request_timeout(kwargs))
../.pyenv/versions/3.11.5/lib/python3.11/site-packages/requests/sessions.py:602: in get
    return self.request("GET", url, **kwargs)
../.pyenv/versions/3.11.5/lib/python3.11/site-packages/requests/sessions.py:589: in request
    resp = self.send(prep, **send_kwargs)
../.pyenv/versions/3.11.5/lib/python3.11/site-packages/requests/sessions.py:703: in send
    r = adapter.send(request, **kwargs)
../.pyenv/versions/3.11.5/lib/python3.11/site-packages/requests/adapters.py:682: in send
    raise ConnectionError(err, request=request)
E   requests.exceptions.ConnectionError: ('Connection aborted.', FileNotFoundError(2, 'No such file or directory'))

The above exception was the direct cause of the following exception:
../.pyenv/versions/3.11.5/lib/python3.11/site-packages/pytestqt/plugin.py:178: in pytest_runtest_setup
    result = yield
../.pyenv/versions/3.11.5/lib/python3.11/site-packages/pytestqt/plugin.py:178: in pytest_runtest_setup
    result = yield
../.pyenv/versions/3.11.5/lib/python3.11/site-packages/pytestqt/plugin.py:178: in pytest_runtest_setup
    result = yield
tests/conftest.py:53: in docker_services
    pg_container = PostgresContainer("postgres:15-alpine")
../.pyenv/versions/3.11.5/lib/python3.11/site-packages/testcontainers/postgres/__init__.py:61: in __init__
    super().__init__(image=image, **kwargs)
../.pyenv/versions/3.11.5/lib/python3.11/site-packages/testcontainers/core/container.py:46: in __init__
    self._docker = DockerClient(**(docker_client_kw or {}))
../.pyenv/versions/3.11.5/lib/python3.11/site-packages/testcontainers/core/docker_client.py:56: in __init__
    self.client = docker.from_env(**kwargs)
../.pyenv/versions/3.11.5/lib/python3.11/site-packages/docker/client.py:94: in from_env
    return cls(
../.pyenv/versions/3.11.5/lib/python3.11/site-packages/docker/client.py:45: in __init__
    self.api = APIClient(*args, **kwargs)
../.pyenv/versions/3.11.5/lib/python3.11/site-packages/docker/api/client.py:207: in __init__
    self._version = self._retrieve_server_version()
../.pyenv/versions/3.11.5/lib/python3.11/site-packages/docker/api/client.py:230: in _retrieve_server_version
    raise DockerException(
E   docker.errors.DockerException: Error while fetching server API version: ('Connection aborted.', FileNotFoundError(2, 'No such file or directory'))
______ ERROR at setup of TestSQLInjectionPrevention.test_table_validation ______
../.pyenv/versions/3.11.5/lib/python3.11/site-packages/urllib3/connectionpool.py:787: in urlopen
    response = self._make_request(
../.pyenv/versions/3.11.5/lib/python3.11/site-packages/urllib3/connectionpool.py:493: in _make_request
    conn.request(
../.pyenv/versions/3.11.5/lib/python3.11/site-packages/urllib3/connection.py:494: in request
    self.endheaders()
../.pyenv/versions/3.11.5/lib/python3.11/http/client.py:1281: in endheaders
    self._send_output(message_body, encode_chunked=encode_chunked)
../.pyenv/versions/3.11.5/lib/python3.11/http/client.py:1041: in _send_output
    self.send(msg)
../.pyenv/versions/3.11.5/lib/python3.11/http/client.py:979: in send
    self.connect()
../.pyenv/versions/3.11.5/lib/python3.11/site-packages/docker/transport/unixconn.py:26: in connect
    sock.connect(self.unix_socket)
E   FileNotFoundError: [Errno 2] No such file or directory

During handling of the above exception, another exception occurred:
../.pyenv/versions/3.11.5/lib/python3.11/site-packages/requests/adapters.py:667: in send
    resp = conn.urlopen(
../.pyenv/versions/3.11.5/lib/python3.11/site-packages/urllib3/connectionpool.py:841: in urlopen
    retries = retries.increment(
../.pyenv/versions/3.11.5/lib/python3.11/site-packages/urllib3/util/retry.py:474: in increment
    raise reraise(type(error), error, _stacktrace)
../.pyenv/versions/3.11.5/lib/python3.11/site-packages/urllib3/util/util.py:38: in reraise
    raise value.with_traceback(tb)
../.pyenv/versions/3.11.5/lib/python3.11/site-packages/urllib3/connectionpool.py:787: in urlopen
    response = self._make_request(
../.pyenv/versions/3.11.5/lib/python3.11/site-packages/urllib3/connectionpool.py:493: in _make_request
    conn.request(
../.pyenv/versions/3.11.5/lib/python3.11/site-packages/urllib3/connection.py:494: in request
    self.endheaders()
../.pyenv/versions/3.11.5/lib/python3.11/http/client.py:1281: in endheaders
    self._send_output(message_body, encode_chunked=encode_chunked)
../.pyenv/versions/3.11.5/lib/python3.11/http/client.py:1041: in _send_output
    self.send(msg)
../.pyenv/versions/3.11.5/lib/python3.11/http/client.py:979: in send
    self.connect()
../.pyenv/versions/3.11.5/lib/python3.11/site-packages/docker/transport/unixconn.py:26: in connect
    sock.connect(self.unix_socket)
E   urllib3.exceptions.ProtocolError: ('Connection aborted.', FileNotFoundError(2, 'No such file or directory'))

During handling of the above exception, another exception occurred:
../.pyenv/versions/3.11.5/lib/python3.11/site-packages/docker/api/client.py:223: in _retrieve_server_version
    return self.version(api_version=False)["ApiVersion"]
../.pyenv/versions/3.11.5/lib/python3.11/site-packages/docker/api/daemon.py:181: in version
    return self._result(self._get(url), json=True)
../.pyenv/versions/3.11.5/lib/python3.11/site-packages/docker/utils/decorators.py:44: in inner
    return f(self, *args, **kwargs)
../.pyenv/versions/3.11.5/lib/python3.11/site-packages/docker/api/client.py:246: in _get
    return self.get(url, **self._set_request_timeout(kwargs))
../.pyenv/versions/3.11.5/lib/python3.11/site-packages/requests/sessions.py:602: in get
    return self.request("GET", url, **kwargs)
../.pyenv/versions/3.11.5/lib/python3.11/site-packages/requests/sessions.py:589: in request
    resp = self.send(prep, **send_kwargs)
../.pyenv/versions/3.11.5/lib/python3.11/site-packages/requests/sessions.py:703: in send
    r = adapter.send(request, **kwargs)
../.pyenv/versions/3.11.5/lib/python3.11/site-packages/requests/adapters.py:682: in send
    raise ConnectionError(err, request=request)
E   requests.exceptions.ConnectionError: ('Connection aborted.', FileNotFoundError(2, 'No such file or directory'))

The above exception was the direct cause of the following exception:
../.pyenv/versions/3.11.5/lib/python3.11/site-packages/pytestqt/plugin.py:178: in pytest_runtest_setup
    result = yield
../.pyenv/versions/3.11.5/lib/python3.11/site-packages/pytestqt/plugin.py:178: in pytest_runtest_setup
    result = yield
../.pyenv/versions/3.11.5/lib/python3.11/site-packages/pytestqt/plugin.py:178: in pytest_runtest_setup
    result = yield
../.pyenv/versions/3.11.5/lib/python3.11/site-packages/pytestqt/plugin.py:178: in pytest_runtest_setup
    result = yield
tests/conftest.py:53: in docker_services
    pg_container = PostgresContainer("postgres:15-alpine")
../.pyenv/versions/3.11.5/lib/python3.11/site-packages/testcontainers/postgres/__init__.py:61: in __init__
    super().__init__(image=image, **kwargs)
../.pyenv/versions/3.11.5/lib/python3.11/site-packages/testcontainers/core/container.py:46: in __init__
    self._docker = DockerClient(**(docker_client_kw or {}))
../.pyenv/versions/3.11.5/lib/python3.11/site-packages/testcontainers/core/docker_client.py:56: in __init__
    self.client = docker.from_env(**kwargs)
../.pyenv/versions/3.11.5/lib/python3.11/site-packages/docker/client.py:94: in from_env
    return cls(
../.pyenv/versions/3.11.5/lib/python3.11/site-packages/docker/client.py:45: in __init__
    self.api = APIClient(*args, **kwargs)
../.pyenv/versions/3.11.5/lib/python3.11/site-packages/docker/api/client.py:207: in __init__
    self._version = self._retrieve_server_version()
../.pyenv/versions/3.11.5/lib/python3.11/site-packages/docker/api/client.py:230: in _retrieve_server_version
    raise DockerException(
E   docker.errors.DockerException: Error while fetching server API version: ('Connection aborted.', FileNotFoundError(2, 'No such file or directory'))
_____ ERROR at setup of TestSQLInjectionPrevention.test_column_validation ______
../.pyenv/versions/3.11.5/lib/python3.11/site-packages/urllib3/connectionpool.py:787: in urlopen
    response = self._make_request(
../.pyenv/versions/3.11.5/lib/python3.11/site-packages/urllib3/connectionpool.py:493: in _make_request
    conn.request(
../.pyenv/versions/3.11.5/lib/python3.11/site-packages/urllib3/connection.py:494: in request
    self.endheaders()
../.pyenv/versions/3.11.5/lib/python3.11/http/client.py:1281: in endheaders
    self._send_output(message_body, encode_chunked=encode_chunked)
../.pyenv/versions/3.11.5/lib/python3.11/http/client.py:1041: in _send_output
    self.send(msg)
../.pyenv/versions/3.11.5/lib/python3.11/http/client.py:979: in send
    self.connect()
../.pyenv/versions/3.11.5/lib/python3.11/site-packages/docker/transport/unixconn.py:26: in connect
    sock.connect(self.unix_socket)
E   FileNotFoundError: [Errno 2] No such file or directory

During handling of the above exception, another exception occurred:
../.pyenv/versions/3.11.5/lib/python3.11/site-packages/requests/adapters.py:667: in send
    resp = conn.urlopen(
../.pyenv/versions/3.11.5/lib/python3.11/site-packages/urllib3/connectionpool.py:841: in urlopen
    retries = retries.increment(
../.pyenv/versions/3.11.5/lib/python3.11/site-packages/urllib3/util/retry.py:474: in increment
    raise reraise(type(error), error, _stacktrace)
../.pyenv/versions/3.11.5/lib/python3.11/site-packages/urllib3/util/util.py:38: in reraise
    raise value.with_traceback(tb)
../.pyenv/versions/3.11.5/lib/python3.11/site-packages/urllib3/connectionpool.py:787: in urlopen
    response = self._make_request(
../.pyenv/versions/3.11.5/lib/python3.11/site-packages/urllib3/connectionpool.py:493: in _make_request
    conn.request(
../.pyenv/versions/3.11.5/lib/python3.11/site-packages/urllib3/connection.py:494: in request
    self.endheaders()
../.pyenv/versions/3.11.5/lib/python3.11/http/client.py:1281: in endheaders
    self._send_output(message_body, encode_chunked=encode_chunked)
../.pyenv/versions/3.11.5/lib/python3.11/http/client.py:1041: in _send_output
    self.send(msg)
../.pyenv/versions/3.11.5/lib/python3.11/http/client.py:979: in send
    self.connect()
../.pyenv/versions/3.11.5/lib/python3.11/site-packages/docker/transport/unixconn.py:26: in connect
    sock.connect(self.unix_socket)
E   urllib3.exceptions.ProtocolError: ('Connection aborted.', FileNotFoundError(2, 'No such file or directory'))

During handling of the above exception, another exception occurred:
../.pyenv/versions/3.11.5/lib/python3.11/site-packages/docker/api/client.py:223: in _retrieve_server_version
    return self.version(api_version=False)["ApiVersion"]
../.pyenv/versions/3.11.5/lib/python3.11/site-packages/docker/api/daemon.py:181: in version
    return self._result(self._get(url), json=True)
../.pyenv/versions/3.11.5/lib/python3.11/site-packages/docker/utils/decorators.py:44: in inner
    return f(self, *args, **kwargs)
../.pyenv/versions/3.11.5/lib/python3.11/site-packages/docker/api/client.py:246: in _get
    return self.get(url, **self._set_request_timeout(kwargs))
../.pyenv/versions/3.11.5/lib/python3.11/site-packages/requests/sessions.py:602: in get
    return self.request("GET", url, **kwargs)
../.pyenv/versions/3.11.5/lib/python3.11/site-packages/requests/sessions.py:589: in request
    resp = self.send(prep, **send_kwargs)
../.pyenv/versions/3.11.5/lib/python3.11/site-packages/requests/sessions.py:703: in send
    r = adapter.send(request, **kwargs)
../.pyenv/versions/3.11.5/lib/python3.11/site-packages/requests/adapters.py:682: in send
    raise ConnectionError(err, request=request)
E   requests.exceptions.ConnectionError: ('Connection aborted.', FileNotFoundError(2, 'No such file or directory'))

The above exception was the direct cause of the following exception:
../.pyenv/versions/3.11.5/lib/python3.11/site-packages/pytestqt/plugin.py:178: in pytest_runtest_setup
    result = yield
../.pyenv/versions/3.11.5/lib/python3.11/site-packages/pytestqt/plugin.py:178: in pytest_runtest_setup
    result = yield
../.pyenv/versions/3.11.5/lib/python3.11/site-packages/pytestqt/plugin.py:178: in pytest_runtest_setup
    result = yield
../.pyenv/versions/3.11.5/lib/python3.11/site-packages/pytestqt/plugin.py:178: in pytest_runtest_setup
    result = yield
../.pyenv/versions/3.11.5/lib/python3.11/site-packages/pytestqt/plugin.py:178: in pytest_runtest_setup
    result = yield
tests/conftest.py:53: in docker_services
    pg_container = PostgresContainer("postgres:15-alpine")
../.pyenv/versions/3.11.5/lib/python3.11/site-packages/testcontainers/postgres/__init__.py:61: in __init__
    super().__init__(image=image, **kwargs)
../.pyenv/versions/3.11.5/lib/python3.11/site-packages/testcontainers/core/container.py:46: in __init__
    self._docker = DockerClient(**(docker_client_kw or {}))
../.pyenv/versions/3.11.5/lib/python3.11/site-packages/testcontainers/core/docker_client.py:56: in __init__
    self.client = docker.from_env(**kwargs)
../.pyenv/versions/3.11.5/lib/python3.11/site-packages/docker/client.py:94: in from_env
    return cls(
../.pyenv/versions/3.11.5/lib/python3.11/site-packages/docker/client.py:45: in __init__
    self.api = APIClient(*args, **kwargs)
../.pyenv/versions/3.11.5/lib/python3.11/site-packages/docker/api/client.py:207: in __init__
    self._version = self._retrieve_server_version()
../.pyenv/versions/3.11.5/lib/python3.11/site-packages/docker/api/client.py:230: in _retrieve_server_version
    raise DockerException(
E   docker.errors.DockerException: Error while fetching server API version: ('Connection aborted.', FileNotFoundError(2, 'No such file or directory'))
_____ ERROR at setup of TestSQLInjectionPrevention.test_value_sanitization _____
../.pyenv/versions/3.11.5/lib/python3.11/site-packages/urllib3/connectionpool.py:787: in urlopen
    response = self._make_request(
../.pyenv/versions/3.11.5/lib/python3.11/site-packages/urllib3/connectionpool.py:493: in _make_request
    conn.request(
../.pyenv/versions/3.11.5/lib/python3.11/site-packages/urllib3/connection.py:494: in request
    self.endheaders()
../.pyenv/versions/3.11.5/lib/python3.11/http/client.py:1281: in endheaders
    self._send_output(message_body, encode_chunked=encode_chunked)
../.pyenv/versions/3.11.5/lib/python3.11/http/client.py:1041: in _send_output
    self.send(msg)
../.pyenv/versions/3.11.5/lib/python3.11/http/client.py:979: in send
    self.connect()
../.pyenv/versions/3.11.5/lib/python3.11/site-packages/docker/transport/unixconn.py:26: in connect
    sock.connect(self.unix_socket)
E   FileNotFoundError: [Errno 2] No such file or directory

During handling of the above exception, another exception occurred:
../.pyenv/versions/3.11.5/lib/python3.11/site-packages/requests/adapters.py:667: in send
    resp = conn.urlopen(
../.pyenv/versions/3.11.5/lib/python3.11/site-packages/urllib3/connectionpool.py:841: in urlopen
    retries = retries.increment(
../.pyenv/versions/3.11.5/lib/python3.11/site-packages/urllib3/util/retry.py:474: in increment
    raise reraise(type(error), error, _stacktrace)
../.pyenv/versions/3.11.5/lib/python3.11/site-packages/urllib3/util/util.py:38: in reraise
    raise value.with_traceback(tb)
../.pyenv/versions/3.11.5/lib/python3.11/site-packages/urllib3/connectionpool.py:787: in urlopen
    response = self._make_request(
../.pyenv/versions/3.11.5/lib/python3.11/site-packages/urllib3/connectionpool.py:493: in _make_request
    conn.request(
../.pyenv/versions/3.11.5/lib/python3.11/site-packages/urllib3/connection.py:494: in request
    self.endheaders()
../.pyenv/versions/3.11.5/lib/python3.11/http/client.py:1281: in endheaders
    self._send_output(message_body, encode_chunked=encode_chunked)
../.pyenv/versions/3.11.5/lib/python3.11/http/client.py:1041: in _send_output
    self.send(msg)
../.pyenv/versions/3.11.5/lib/python3.11/http/client.py:979: in send
    self.connect()
../.pyenv/versions/3.11.5/lib/python3.11/site-packages/docker/transport/unixconn.py:26: in connect
    sock.connect(self.unix_socket)
E   urllib3.exceptions.ProtocolError: ('Connection aborted.', FileNotFoundError(2, 'No such file or directory'))

During handling of the above exception, another exception occurred:
../.pyenv/versions/3.11.5/lib/python3.11/site-packages/docker/api/client.py:223: in _retrieve_server_version
    return self.version(api_version=False)["ApiVersion"]
../.pyenv/versions/3.11.5/lib/python3.11/site-packages/docker/api/daemon.py:181: in version
    return self._result(self._get(url), json=True)
../.pyenv/versions/3.11.5/lib/python3.11/site-packages/docker/utils/decorators.py:44: in inner
    return f(self, *args, **kwargs)
../.pyenv/versions/3.11.5/lib/python3.11/site-packages/docker/api/client.py:246: in _get
    return self.get(url, **self._set_request_timeout(kwargs))
../.pyenv/versions/3.11.5/lib/python3.11/site-packages/requests/sessions.py:602: in get
    return self.request("GET", url, **kwargs)
../.pyenv/versions/3.11.5/lib/python3.11/site-packages/requests/sessions.py:589: in request
    resp = self.send(prep, **send_kwargs)
../.pyenv/versions/3.11.5/lib/python3.11/site-packages/requests/sessions.py:703: in send
    r = adapter.send(request, **kwargs)
../.pyenv/versions/3.11.5/lib/python3.11/site-packages/requests/adapters.py:682: in send
    raise ConnectionError(err, request=request)
E   requests.exceptions.ConnectionError: ('Connection aborted.', FileNotFoundError(2, 'No such file or directory'))

The above exception was the direct cause of the following exception:
../.pyenv/versions/3.11.5/lib/python3.11/site-packages/pytestqt/plugin.py:178: in pytest_runtest_setup
    result = yield
../.pyenv/versions/3.11.5/lib/python3.11/site-packages/pytestqt/plugin.py:178: in pytest_runtest_setup
    result = yield
../.pyenv/versions/3.11.5/lib/python3.11/site-packages/pytestqt/plugin.py:178: in pytest_runtest_setup
    result = yield
../.pyenv/versions/3.11.5/lib/python3.11/site-packages/pytestqt/plugin.py:178: in pytest_runtest_setup
    result = yield
../.pyenv/versions/3.11.5/lib/python3.11/site-packages/pytestqt/plugin.py:178: in pytest_runtest_setup
    result = yield
../.pyenv/versions/3.11.5/lib/python3.11/site-packages/pytestqt/plugin.py:178: in pytest_runtest_setup
    result = yield
tests/conftest.py:53: in docker_services
    pg_container = PostgresContainer("postgres:15-alpine")
../.pyenv/versions/3.11.5/lib/python3.11/site-packages/testcontainers/postgres/__init__.py:61: in __init__
    super().__init__(image=image, **kwargs)
../.pyenv/versions/3.11.5/lib/python3.11/site-packages/testcontainers/core/container.py:46: in __init__
    self._docker = DockerClient(**(docker_client_kw or {}))
../.pyenv/versions/3.11.5/lib/python3.11/site-packages/testcontainers/core/docker_client.py:56: in __init__
    self.client = docker.from_env(**kwargs)
../.pyenv/versions/3.11.5/lib/python3.11/site-packages/docker/client.py:94: in from_env
    return cls(
../.pyenv/versions/3.11.5/lib/python3.11/site-packages/docker/client.py:45: in __init__
    self.api = APIClient(*args, **kwargs)
../.pyenv/versions/3.11.5/lib/python3.11/site-packages/docker/api/client.py:207: in __init__
    self._version = self._retrieve_server_version()
../.pyenv/versions/3.11.5/lib/python3.11/site-packages/docker/api/client.py:230: in _retrieve_server_version
    raise DockerException(
E   docker.errors.DockerException: Error while fetching server API version: ('Connection aborted.', FileNotFoundError(2, 'No such file or directory'))
_________ ERROR at setup of TestInputValidation.test_job_id_validation _________
../.pyenv/versions/3.11.5/lib/python3.11/site-packages/urllib3/connectionpool.py:787: in urlopen
    response = self._make_request(
../.pyenv/versions/3.11.5/lib/python3.11/site-packages/urllib3/connectionpool.py:493: in _make_request
    conn.request(
../.pyenv/versions/3.11.5/lib/python3.11/site-packages/urllib3/connection.py:494: in request
    self.endheaders()
../.pyenv/versions/3.11.5/lib/python3.11/http/client.py:1281: in endheaders
    self._send_output(message_body, encode_chunked=encode_chunked)
../.pyenv/versions/3.11.5/lib/python3.11/http/client.py:1041: in _send_output
    self.send(msg)
../.pyenv/versions/3.11.5/lib/python3.11/http/client.py:979: in send
    self.connect()
../.pyenv/versions/3.11.5/lib/python3.11/site-packages/docker/transport/unixconn.py:26: in connect
    sock.connect(self.unix_socket)
E   FileNotFoundError: [Errno 2] No such file or directory

During handling of the above exception, another exception occurred:
../.pyenv/versions/3.11.5/lib/python3.11/site-packages/requests/adapters.py:667: in send
    resp = conn.urlopen(
../.pyenv/versions/3.11.5/lib/python3.11/site-packages/urllib3/connectionpool.py:841: in urlopen
    retries = retries.increment(
../.pyenv/versions/3.11.5/lib/python3.11/site-packages/urllib3/util/retry.py:474: in increment
    raise reraise(type(error), error, _stacktrace)
../.pyenv/versions/3.11.5/lib/python3.11/site-packages/urllib3/util/util.py:38: in reraise
    raise value.with_traceback(tb)
../.pyenv/versions/3.11.5/lib/python3.11/site-packages/urllib3/connectionpool.py:787: in urlopen
    response = self._make_request(
../.pyenv/versions/3.11.5/lib/python3.11/site-packages/urllib3/connectionpool.py:493: in _make_request
    conn.request(
../.pyenv/versions/3.11.5/lib/python3.11/site-packages/urllib3/connection.py:494: in request
    self.endheaders()
../.pyenv/versions/3.11.5/lib/python3.11/http/client.py:1281: in endheaders
    self._send_output(message_body, encode_chunked=encode_chunked)
../.pyenv/versions/3.11.5/lib/python3.11/http/client.py:1041: in _send_output
    self.send(msg)
../.pyenv/versions/3.11.5/lib/python3.11/http/client.py:979: in send
    self.connect()
../.pyenv/versions/3.11.5/lib/python3.11/site-packages/docker/transport/unixconn.py:26: in connect
    sock.connect(self.unix_socket)
E   urllib3.exceptions.ProtocolError: ('Connection aborted.', FileNotFoundError(2, 'No such file or directory'))

During handling of the above exception, another exception occurred:
../.pyenv/versions/3.11.5/lib/python3.11/site-packages/docker/api/client.py:223: in _retrieve_server_version
    return self.version(api_version=False)["ApiVersion"]
../.pyenv/versions/3.11.5/lib/python3.11/site-packages/docker/api/daemon.py:181: in version
    return self._result(self._get(url), json=True)
../.pyenv/versions/3.11.5/lib/python3.11/site-packages/docker/utils/decorators.py:44: in inner
    return f(self, *args, **kwargs)
../.pyenv/versions/3.11.5/lib/python3.11/site-packages/docker/api/client.py:246: in _get
    return self.get(url, **self._set_request_timeout(kwargs))
../.pyenv/versions/3.11.5/lib/python3.11/site-packages/requests/sessions.py:602: in get
    return self.request("GET", url, **kwargs)
../.pyenv/versions/3.11.5/lib/python3.11/site-packages/requests/sessions.py:589: in request
    resp = self.send(prep, **send_kwargs)
../.pyenv/versions/3.11.5/lib/python3.11/site-packages/requests/sessions.py:703: in send
    r = adapter.send(request, **kwargs)
../.pyenv/versions/3.11.5/lib/python3.11/site-packages/requests/adapters.py:682: in send
    raise ConnectionError(err, request=request)
E   requests.exceptions.ConnectionError: ('Connection aborted.', FileNotFoundError(2, 'No such file or directory'))

The above exception was the direct cause of the following exception:
../.pyenv/versions/3.11.5/lib/python3.11/site-packages/pytestqt/plugin.py:178: in pytest_runtest_setup
    result = yield
../.pyenv/versions/3.11.5/lib/python3.11/site-packages/pytestqt/plugin.py:178: in pytest_runtest_setup
    result = yield
../.pyenv/versions/3.11.5/lib/python3.11/site-packages/pytestqt/plugin.py:178: in pytest_runtest_setup
    result = yield
../.pyenv/versions/3.11.5/lib/python3.11/site-packages/pytestqt/plugin.py:178: in pytest_runtest_setup
    result = yield
../.pyenv/versions/3.11.5/lib/python3.11/site-packages/pytestqt/plugin.py:178: in pytest_runtest_setup
    result = yield
../.pyenv/versions/3.11.5/lib/python3.11/site-packages/pytestqt/plugin.py:178: in pytest_runtest_setup
    result = yield
../.pyenv/versions/3.11.5/lib/python3.11/site-packages/pytestqt/plugin.py:178: in pytest_runtest_setup
    result = yield
tests/conftest.py:53: in docker_services
    pg_container = PostgresContainer("postgres:15-alpine")
../.pyenv/versions/3.11.5/lib/python3.11/site-packages/testcontainers/postgres/__init__.py:61: in __init__
    super().__init__(image=image, **kwargs)
../.pyenv/versions/3.11.5/lib/python3.11/site-packages/testcontainers/core/container.py:46: in __init__
    self._docker = DockerClient(**(docker_client_kw or {}))
../.pyenv/versions/3.11.5/lib/python3.11/site-packages/testcontainers/core/docker_client.py:56: in __init__
    self.client = docker.from_env(**kwargs)
../.pyenv/versions/3.11.5/lib/python3.11/site-packages/docker/client.py:94: in from_env
    return cls(
../.pyenv/versions/3.11.5/lib/python3.11/site-packages/docker/client.py:45: in __init__
    self.api = APIClient(*args, **kwargs)
../.pyenv/versions/3.11.5/lib/python3.11/site-packages/docker/api/client.py:207: in __init__
    self._version = self._retrieve_server_version()
../.pyenv/versions/3.11.5/lib/python3.11/site-packages/docker/api/client.py:230: in _retrieve_server_version
    raise DockerException(
E   docker.errors.DockerException: Error while fetching server API version: ('Connection aborted.', FileNotFoundError(2, 'No such file or directory'))
_________ ERROR at setup of TestInputValidation.test_email_validation __________
../.pyenv/versions/3.11.5/lib/python3.11/site-packages/urllib3/connectionpool.py:787: in urlopen
    response = self._make_request(
../.pyenv/versions/3.11.5/lib/python3.11/site-packages/urllib3/connectionpool.py:493: in _make_request
    conn.request(
../.pyenv/versions/3.11.5/lib/python3.11/site-packages/urllib3/connection.py:494: in request
    self.endheaders()
../.pyenv/versions/3.11.5/lib/python3.11/http/client.py:1281: in endheaders
    self._send_output(message_body, encode_chunked=encode_chunked)
../.pyenv/versions/3.11.5/lib/python3.11/http/client.py:1041: in _send_output
    self.send(msg)
../.pyenv/versions/3.11.5/lib/python3.11/http/client.py:979: in send
    self.connect()
../.pyenv/versions/3.11.5/lib/python3.11/site-packages/docker/transport/unixconn.py:26: in connect
    sock.connect(self.unix_socket)
E   FileNotFoundError: [Errno 2] No such file or directory

During handling of the above exception, another exception occurred:
../.pyenv/versions/3.11.5/lib/python3.11/site-packages/requests/adapters.py:667: in send
    resp = conn.urlopen(
../.pyenv/versions/3.11.5/lib/python3.11/site-packages/urllib3/connectionpool.py:841: in urlopen
    retries = retries.increment(
../.pyenv/versions/3.11.5/lib/python3.11/site-packages/urllib3/util/retry.py:474: in increment
    raise reraise(type(error), error, _stacktrace)
../.pyenv/versions/3.11.5/lib/python3.11/site-packages/urllib3/util/util.py:38: in reraise
    raise value.with_traceback(tb)
../.pyenv/versions/3.11.5/lib/python3.11/site-packages/urllib3/connectionpool.py:787: in urlopen
    response = self._make_request(
../.pyenv/versions/3.11.5/lib/python3.11/site-packages/urllib3/connectionpool.py:493: in _make_request
    conn.request(
../.pyenv/versions/3.11.5/lib/python3.11/site-packages/urllib3/connection.py:494: in request
    self.endheaders()
../.pyenv/versions/3.11.5/lib/python3.11/http/client.py:1281: in endheaders
    self._send_output(message_body, encode_chunked=encode_chunked)
../.pyenv/versions/3.11.5/lib/python3.11/http/client.py:1041: in _send_output
    self.send(msg)
../.pyenv/versions/3.11.5/lib/python3.11/http/client.py:979: in send
    self.connect()
../.pyenv/versions/3.11.5/lib/python3.11/site-packages/docker/transport/unixconn.py:26: in connect
    sock.connect(self.unix_socket)
E   urllib3.exceptions.ProtocolError: ('Connection aborted.', FileNotFoundError(2, 'No such file or directory'))

During handling of the above exception, another exception occurred:
../.pyenv/versions/3.11.5/lib/python3.11/site-packages/docker/api/client.py:223: in _retrieve_server_version
    return self.version(api_version=False)["ApiVersion"]
../.pyenv/versions/3.11.5/lib/python3.11/site-packages/docker/api/daemon.py:181: in version
    return self._result(self._get(url), json=True)
../.pyenv/versions/3.11.5/lib/python3.11/site-packages/docker/utils/decorators.py:44: in inner
    return f(self, *args, **kwargs)
../.pyenv/versions/3.11.5/lib/python3.11/site-packages/docker/api/client.py:246: in _get
    return self.get(url, **self._set_request_timeout(kwargs))
../.pyenv/versions/3.11.5/lib/python3.11/site-packages/requests/sessions.py:602: in get
    return self.request("GET", url, **kwargs)
../.pyenv/versions/3.11.5/lib/python3.11/site-packages/requests/sessions.py:589: in request
    resp = self.send(prep, **send_kwargs)
../.pyenv/versions/3.11.5/lib/python3.11/site-packages/requests/sessions.py:703: in send
    r = adapter.send(request, **kwargs)
../.pyenv/versions/3.11.5/lib/python3.11/site-packages/requests/adapters.py:682: in send
    raise ConnectionError(err, request=request)
E   requests.exceptions.ConnectionError: ('Connection aborted.', FileNotFoundError(2, 'No such file or directory'))

The above exception was the direct cause of the following exception:
../.pyenv/versions/3.11.5/lib/python3.11/site-packages/pytestqt/plugin.py:178: in pytest_runtest_setup
    result = yield
../.pyenv/versions/3.11.5/lib/python3.11/site-packages/pytestqt/plugin.py:178: in pytest_runtest_setup
    result = yield
../.pyenv/versions/3.11.5/lib/python3.11/site-packages/pytestqt/plugin.py:178: in pytest_runtest_setup
    result = yield
../.pyenv/versions/3.11.5/lib/python3.11/site-packages/pytestqt/plugin.py:178: in pytest_runtest_setup
    result = yield
../.pyenv/versions/3.11.5/lib/python3.11/site-packages/pytestqt/plugin.py:178: in pytest_runtest_setup
    result = yield
../.pyenv/versions/3.11.5/lib/python3.11/site-packages/pytestqt/plugin.py:178: in pytest_runtest_setup
    result = yield
../.pyenv/versions/3.11.5/lib/python3.11/site-packages/pytestqt/plugin.py:178: in pytest_runtest_setup
    result = yield
../.pyenv/versions/3.11.5/lib/python3.11/site-packages/pytestqt/plugin.py:178: in pytest_runtest_setup
    result = yield
tests/conftest.py:53: in docker_services
    pg_container = PostgresContainer("postgres:15-alpine")
../.pyenv/versions/3.11.5/lib/python3.11/site-packages/testcontainers/postgres/__init__.py:61: in __init__
    super().__init__(image=image, **kwargs)
../.pyenv/versions/3.11.5/lib/python3.11/site-packages/testcontainers/core/container.py:46: in __init__
    self._docker = DockerClient(**(docker_client_kw or {}))
../.pyenv/versions/3.11.5/lib/python3.11/site-packages/testcontainers/core/docker_client.py:56: in __init__
    self.client = docker.from_env(**kwargs)
../.pyenv/versions/3.11.5/lib/python3.11/site-packages/docker/client.py:94: in from_env
    return cls(
../.pyenv/versions/3.11.5/lib/python3.11/site-packages/docker/client.py:45: in __init__
    self.api = APIClient(*args, **kwargs)
../.pyenv/versions/3.11.5/lib/python3.11/site-packages/docker/api/client.py:207: in __init__
    self._version = self._retrieve_server_version()
../.pyenv/versions/3.11.5/lib/python3.11/site-packages/docker/api/client.py:230: in _retrieve_server_version
    raise DockerException(
E   docker.errors.DockerException: Error while fetching server API version: ('Connection aborted.', FileNotFoundError(2, 'No such file or directory'))
__________ ERROR at setup of TestInputValidation.test_url_validation ___________
../.pyenv/versions/3.11.5/lib/python3.11/site-packages/urllib3/connectionpool.py:787: in urlopen
    response = self._make_request(
../.pyenv/versions/3.11.5/lib/python3.11/site-packages/urllib3/connectionpool.py:493: in _make_request
    conn.request(
../.pyenv/versions/3.11.5/lib/python3.11/site-packages/urllib3/connection.py:494: in request
    self.endheaders()
../.pyenv/versions/3.11.5/lib/python3.11/http/client.py:1281: in endheaders
    self._send_output(message_body, encode_chunked=encode_chunked)
../.pyenv/versions/3.11.5/lib/python3.11/http/client.py:1041: in _send_output
    self.send(msg)
../.pyenv/versions/3.11.5/lib/python3.11/http/client.py:979: in send
    self.connect()
../.pyenv/versions/3.11.5/lib/python3.11/site-packages/docker/transport/unixconn.py:26: in connect
    sock.connect(self.unix_socket)
E   FileNotFoundError: [Errno 2] No such file or directory

During handling of the above exception, another exception occurred:
../.pyenv/versions/3.11.5/lib/python3.11/site-packages/requests/adapters.py:667: in send
    resp = conn.urlopen(
../.pyenv/versions/3.11.5/lib/python3.11/site-packages/urllib3/connectionpool.py:841: in urlopen
    retries = retries.increment(
../.pyenv/versions/3.11.5/lib/python3.11/site-packages/urllib3/util/retry.py:474: in increment
    raise reraise(type(error), error, _stacktrace)
../.pyenv/versions/3.11.5/lib/python3.11/site-packages/urllib3/util/util.py:38: in reraise
    raise value.with_traceback(tb)
../.pyenv/versions/3.11.5/lib/python3.11/site-packages/urllib3/connectionpool.py:787: in urlopen
    response = self._make_request(
../.pyenv/versions/3.11.5/lib/python3.11/site-packages/urllib3/connectionpool.py:493: in _make_request
    conn.request(
../.pyenv/versions/3.11.5/lib/python3.11/site-packages/urllib3/connection.py:494: in request
    self.endheaders()
../.pyenv/versions/3.11.5/lib/python3.11/http/client.py:1281: in endheaders
    self._send_output(message_body, encode_chunked=encode_chunked)
../.pyenv/versions/3.11.5/lib/python3.11/http/client.py:1041: in _send_output
    self.send(msg)
../.pyenv/versions/3.11.5/lib/python3.11/http/client.py:979: in send
    self.connect()
../.pyenv/versions/3.11.5/lib/python3.11/site-packages/docker/transport/unixconn.py:26: in connect
    sock.connect(self.unix_socket)
E   urllib3.exceptions.ProtocolError: ('Connection aborted.', FileNotFoundError(2, 'No such file or directory'))

During handling of the above exception, another exception occurred:
../.pyenv/versions/3.11.5/lib/python3.11/site-packages/docker/api/client.py:223: in _retrieve_server_version
    return self.version(api_version=False)["ApiVersion"]
../.pyenv/versions/3.11.5/lib/python3.11/site-packages/docker/api/daemon.py:181: in version
    return self._result(self._get(url), json=True)
../.pyenv/versions/3.11.5/lib/python3.11/site-packages/docker/utils/decorators.py:44: in inner
    return f(self, *args, **kwargs)
../.pyenv/versions/3.11.5/lib/python3.11/site-packages/docker/api/client.py:246: in _get
    return self.get(url, **self._set_request_timeout(kwargs))
../.pyenv/versions/3.11.5/lib/python3.11/site-packages/requests/sessions.py:602: in get
    return self.request("GET", url, **kwargs)
../.pyenv/versions/3.11.5/lib/python3.11/site-packages/requests/sessions.py:589: in request
    resp = self.send(prep, **send_kwargs)
../.pyenv/versions/3.11.5/lib/python3.11/site-packages/requests/sessions.py:703: in send
    r = adapter.send(request, **kwargs)
../.pyenv/versions/3.11.5/lib/python3.11/site-packages/requests/adapters.py:682: in send
    raise ConnectionError(err, request=request)
E   requests.exceptions.ConnectionError: ('Connection aborted.', FileNotFoundError(2, 'No such file or directory'))

The above exception was the direct cause of the following exception:
../.pyenv/versions/3.11.5/lib/python3.11/site-packages/pytestqt/plugin.py:178: in pytest_runtest_setup
    result = yield
../.pyenv/versions/3.11.5/lib/python3.11/site-packages/pytestqt/plugin.py:178: in pytest_runtest_setup
    result = yield
../.pyenv/versions/3.11.5/lib/python3.11/site-packages/pytestqt/plugin.py:178: in pytest_runtest_setup
    result = yield
../.pyenv/versions/3.11.5/lib/python3.11/site-packages/pytestqt/plugin.py:178: in pytest_runtest_setup
    result = yield
../.pyenv/versions/3.11.5/lib/python3.11/site-packages/pytestqt/plugin.py:178: in pytest_runtest_setup
    result = yield
../.pyenv/versions/3.11.5/lib/python3.11/site-packages/pytestqt/plugin.py:178: in pytest_runtest_setup
    result = yield
../.pyenv/versions/3.11.5/lib/python3.11/site-packages/pytestqt/plugin.py:178: in pytest_runtest_setup
    result = yield
../.pyenv/versions/3.11.5/lib/python3.11/site-packages/pytestqt/plugin.py:178: in pytest_runtest_setup
    result = yield
../.pyenv/versions/3.11.5/lib/python3.11/site-packages/pytestqt/plugin.py:178: in pytest_runtest_setup
    result = yield
tests/conftest.py:53: in docker_services
    pg_container = PostgresContainer("postgres:15-alpine")
../.pyenv/versions/3.11.5/lib/python3.11/site-packages/testcontainers/postgres/__init__.py:61: in __init__
    super().__init__(image=image, **kwargs)
../.pyenv/versions/3.11.5/lib/python3.11/site-packages/testcontainers/core/container.py:46: in __init__
    self._docker = DockerClient(**(docker_client_kw or {}))
../.pyenv/versions/3.11.5/lib/python3.11/site-packages/testcontainers/core/docker_client.py:56: in __init__
    self.client = docker.from_env(**kwargs)
../.pyenv/versions/3.11.5/lib/python3.11/site-packages/docker/client.py:94: in from_env
    return cls(
../.pyenv/versions/3.11.5/lib/python3.11/site-packages/docker/client.py:45: in __init__
    self.api = APIClient(*args, **kwargs)
../.pyenv/versions/3.11.5/lib/python3.11/site-packages/docker/api/client.py:207: in __init__
    self._version = self._retrieve_server_version()
../.pyenv/versions/3.11.5/lib/python3.11/site-packages/docker/api/client.py:230: in _retrieve_server_version
    raise DockerException(
E   docker.errors.DockerException: Error while fetching server API version: ('Connection aborted.', FileNotFoundError(2, 'No such file or directory'))
______ ERROR at setup of TestInputValidation.test_user_input_sanitization ______
../.pyenv/versions/3.11.5/lib/python3.11/site-packages/urllib3/connectionpool.py:787: in urlopen
    response = self._make_request(
../.pyenv/versions/3.11.5/lib/python3.11/site-packages/urllib3/connectionpool.py:493: in _make_request
    conn.request(
../.pyenv/versions/3.11.5/lib/python3.11/site-packages/urllib3/connection.py:494: in request
    self.endheaders()
../.pyenv/versions/3.11.5/lib/python3.11/http/client.py:1281: in endheaders
    self._send_output(message_body, encode_chunked=encode_chunked)
../.pyenv/versions/3.11.5/lib/python3.11/http/client.py:1041: in _send_output
    self.send(msg)
../.pyenv/versions/3.11.5/lib/python3.11/http/client.py:979: in send
    self.connect()
../.pyenv/versions/3.11.5/lib/python3.11/site-packages/docker/transport/unixconn.py:26: in connect
    sock.connect(self.unix_socket)
E   FileNotFoundError: [Errno 2] No such file or directory

During handling of the above exception, another exception occurred:
../.pyenv/versions/3.11.5/lib/python3.11/site-packages/requests/adapters.py:667: in send
    resp = conn.urlopen(
../.pyenv/versions/3.11.5/lib/python3.11/site-packages/urllib3/connectionpool.py:841: in urlopen
    retries = retries.increment(
../.pyenv/versions/3.11.5/lib/python3.11/site-packages/urllib3/util/retry.py:474: in increment
    raise reraise(type(error), error, _stacktrace)
../.pyenv/versions/3.11.5/lib/python3.11/site-packages/urllib3/util/util.py:38: in reraise
    raise value.with_traceback(tb)
../.pyenv/versions/3.11.5/lib/python3.11/site-packages/urllib3/connectionpool.py:787: in urlopen
    response = self._make_request(
../.pyenv/versions/3.11.5/lib/python3.11/site-packages/urllib3/connectionpool.py:493: in _make_request
    conn.request(
../.pyenv/versions/3.11.5/lib/python3.11/site-packages/urllib3/connection.py:494: in request
    self.endheaders()
../.pyenv/versions/3.11.5/lib/python3.11/http/client.py:1281: in endheaders
    self._send_output(message_body, encode_chunked=encode_chunked)
../.pyenv/versions/3.11.5/lib/python3.11/http/client.py:1041: in _send_output
    self.send(msg)
../.pyenv/versions/3.11.5/lib/python3.11/http/client.py:979: in send
    self.connect()
../.pyenv/versions/3.11.5/lib/python3.11/site-packages/docker/transport/unixconn.py:26: in connect
    sock.connect(self.unix_socket)
E   urllib3.exceptions.ProtocolError: ('Connection aborted.', FileNotFoundError(2, 'No such file or directory'))

During handling of the above exception, another exception occurred:
../.pyenv/versions/3.11.5/lib/python3.11/site-packages/docker/api/client.py:223: in _retrieve_server_version
    return self.version(api_version=False)["ApiVersion"]
../.pyenv/versions/3.11.5/lib/python3.11/site-packages/docker/api/daemon.py:181: in version
    return self._result(self._get(url), json=True)
../.pyenv/versions/3.11.5/lib/python3.11/site-packages/docker/utils/decorators.py:44: in inner
    return f(self, *args, **kwargs)
../.pyenv/versions/3.11.5/lib/python3.11/site-packages/docker/api/client.py:246: in _get
    return self.get(url, **self._set_request_timeout(kwargs))
../.pyenv/versions/3.11.5/lib/python3.11/site-packages/requests/sessions.py:602: in get
    return self.request("GET", url, **kwargs)
../.pyenv/versions/3.11.5/lib/python3.11/site-packages/requests/sessions.py:589: in request
    resp = self.send(prep, **send_kwargs)
../.pyenv/versions/3.11.5/lib/python3.11/site-packages/requests/sessions.py:703: in send
    r = adapter.send(request, **kwargs)
../.pyenv/versions/3.11.5/lib/python3.11/site-packages/requests/adapters.py:682: in send
    raise ConnectionError(err, request=request)
E   requests.exceptions.ConnectionError: ('Connection aborted.', FileNotFoundError(2, 'No such file or directory'))

The above exception was the direct cause of the following exception:
../.pyenv/versions/3.11.5/lib/python3.11/site-packages/pytestqt/plugin.py:178: in pytest_runtest_setup
    result = yield
../.pyenv/versions/3.11.5/lib/python3.11/site-packages/pytestqt/plugin.py:178: in pytest_runtest_setup
    result = yield
../.pyenv/versions/3.11.5/lib/python3.11/site-packages/pytestqt/plugin.py:178: in pytest_runtest_setup
    result = yield
../.pyenv/versions/3.11.5/lib/python3.11/site-packages/pytestqt/plugin.py:178: in pytest_runtest_setup
    result = yield
../.pyenv/versions/3.11.5/lib/python3.11/site-packages/pytestqt/plugin.py:178: in pytest_runtest_setup
    result = yield
../.pyenv/versions/3.11.5/lib/python3.11/site-packages/pytestqt/plugin.py:178: in pytest_runtest_setup
    result = yield
../.pyenv/versions/3.11.5/lib/python3.11/site-packages/pytestqt/plugin.py:178: in pytest_runtest_setup
    result = yield
../.pyenv/versions/3.11.5/lib/python3.11/site-packages/pytestqt/plugin.py:178: in pytest_runtest_setup
    result = yield
../.pyenv/versions/3.11.5/lib/python3.11/site-packages/pytestqt/plugin.py:178: in pytest_runtest_setup
    result = yield
../.pyenv/versions/3.11.5/lib/python3.11/site-packages/pytestqt/plugin.py:178: in pytest_runtest_setup
    result = yield
tests/conftest.py:53: in docker_services
    pg_container = PostgresContainer("postgres:15-alpine")
../.pyenv/versions/3.11.5/lib/python3.11/site-packages/testcontainers/postgres/__init__.py:61: in __init__
    super().__init__(image=image, **kwargs)
../.pyenv/versions/3.11.5/lib/python3.11/site-packages/testcontainers/core/container.py:46: in __init__
    self._docker = DockerClient(**(docker_client_kw or {}))
../.pyenv/versions/3.11.5/lib/python3.11/site-packages/testcontainers/core/docker_client.py:56: in __init__
    self.client = docker.from_env(**kwargs)
../.pyenv/versions/3.11.5/lib/python3.11/site-packages/docker/client.py:94: in from_env
    return cls(
../.pyenv/versions/3.11.5/lib/python3.11/site-packages/docker/client.py:45: in __init__
    self.api = APIClient(*args, **kwargs)
../.pyenv/versions/3.11.5/lib/python3.11/site-packages/docker/api/client.py:207: in __init__
    self._version = self._retrieve_server_version()
../.pyenv/versions/3.11.5/lib/python3.11/site-packages/docker/api/client.py:230: in _retrieve_server_version
    raise DockerException(
E   docker.errors.DockerException: Error while fetching server API version: ('Connection aborted.', FileNotFoundError(2, 'No such file or directory'))
_________ ERROR at setup of TestTokenGeneration.test_token_generation __________
../.pyenv/versions/3.11.5/lib/python3.11/site-packages/urllib3/connectionpool.py:787: in urlopen
    response = self._make_request(
../.pyenv/versions/3.11.5/lib/python3.11/site-packages/urllib3/connectionpool.py:493: in _make_request
    conn.request(
../.pyenv/versions/3.11.5/lib/python3.11/site-packages/urllib3/connection.py:494: in request
    self.endheaders()
../.pyenv/versions/3.11.5/lib/python3.11/http/client.py:1281: in endheaders
    self._send_output(message_body, encode_chunked=encode_chunked)
../.pyenv/versions/3.11.5/lib/python3.11/http/client.py:1041: in _send_output
    self.send(msg)
../.pyenv/versions/3.11.5/lib/python3.11/http/client.py:979: in send
    self.connect()
../.pyenv/versions/3.11.5/lib/python3.11/site-packages/docker/transport/unixconn.py:26: in connect
    sock.connect(self.unix_socket)
E   FileNotFoundError: [Errno 2] No such file or directory

During handling of the above exception, another exception occurred:
../.pyenv/versions/3.11.5/lib/python3.11/site-packages/requests/adapters.py:667: in send
    resp = conn.urlopen(
../.pyenv/versions/3.11.5/lib/python3.11/site-packages/urllib3/connectionpool.py:841: in urlopen
    retries = retries.increment(
../.pyenv/versions/3.11.5/lib/python3.11/site-packages/urllib3/util/retry.py:474: in increment
    raise reraise(type(error), error, _stacktrace)
../.pyenv/versions/3.11.5/lib/python3.11/site-packages/urllib3/util/util.py:38: in reraise
    raise value.with_traceback(tb)
../.pyenv/versions/3.11.5/lib/python3.11/site-packages/urllib3/connectionpool.py:787: in urlopen
    response = self._make_request(
../.pyenv/versions/3.11.5/lib/python3.11/site-packages/urllib3/connectionpool.py:493: in _make_request
    conn.request(
../.pyenv/versions/3.11.5/lib/python3.11/site-packages/urllib3/connection.py:494: in request
    self.endheaders()
../.pyenv/versions/3.11.5/lib/python3.11/http/client.py:1281: in endheaders
    self._send_output(message_body, encode_chunked=encode_chunked)
../.pyenv/versions/3.11.5/lib/python3.11/http/client.py:1041: in _send_output
    self.send(msg)
../.pyenv/versions/3.11.5/lib/python3.11/http/client.py:979: in send
    self.connect()
../.pyenv/versions/3.11.5/lib/python3.11/site-packages/docker/transport/unixconn.py:26: in connect
    sock.connect(self.unix_socket)
E   urllib3.exceptions.ProtocolError: ('Connection aborted.', FileNotFoundError(2, 'No such file or directory'))

During handling of the above exception, another exception occurred:
../.pyenv/versions/3.11.5/lib/python3.11/site-packages/docker/api/client.py:223: in _retrieve_server_version
    return self.version(api_version=False)["ApiVersion"]
../.pyenv/versions/3.11.5/lib/python3.11/site-packages/docker/api/daemon.py:181: in version
    return self._result(self._get(url), json=True)
../.pyenv/versions/3.11.5/lib/python3.11/site-packages/docker/utils/decorators.py:44: in inner
    return f(self, *args, **kwargs)
../.pyenv/versions/3.11.5/lib/python3.11/site-packages/docker/api/client.py:246: in _get
    return self.get(url, **self._set_request_timeout(kwargs))
../.pyenv/versions/3.11.5/lib/python3.11/site-packages/requests/sessions.py:602: in get
    return self.request("GET", url, **kwargs)
../.pyenv/versions/3.11.5/lib/python3.11/site-packages/requests/sessions.py:589: in request
    resp = self.send(prep, **send_kwargs)
../.pyenv/versions/3.11.5/lib/python3.11/site-packages/requests/sessions.py:703: in send
    r = adapter.send(request, **kwargs)
../.pyenv/versions/3.11.5/lib/python3.11/site-packages/requests/adapters.py:682: in send
    raise ConnectionError(err, request=request)
E   requests.exceptions.ConnectionError: ('Connection aborted.', FileNotFoundError(2, 'No such file or directory'))

The above exception was the direct cause of the following exception:
../.pyenv/versions/3.11.5/lib/python3.11/site-packages/pytestqt/plugin.py:178: in pytest_runtest_setup
    result = yield
../.pyenv/versions/3.11.5/lib/python3.11/site-packages/pytestqt/plugin.py:178: in pytest_runtest_setup
    result = yield
../.pyenv/versions/3.11.5/lib/python3.11/site-packages/pytestqt/plugin.py:178: in pytest_runtest_setup
    result = yield
../.pyenv/versions/3.11.5/lib/python3.11/site-packages/pytestqt/plugin.py:178: in pytest_runtest_setup
    result = yield
../.pyenv/versions/3.11.5/lib/python3.11/site-packages/pytestqt/plugin.py:178: in pytest_runtest_setup
    result = yield
../.pyenv/versions/3.11.5/lib/python3.11/site-packages/pytestqt/plugin.py:178: in pytest_runtest_setup
    result = yield
../.pyenv/versions/3.11.5/lib/python3.11/site-packages/pytestqt/plugin.py:178: in pytest_runtest_setup
    result = yield
../.pyenv/versions/3.11.5/lib/python3.11/site-packages/pytestqt/plugin.py:178: in pytest_runtest_setup
    result = yield
../.pyenv/versions/3.11.5/lib/python3.11/site-packages/pytestqt/plugin.py:178: in pytest_runtest_setup
    result = yield
../.pyenv/versions/3.11.5/lib/python3.11/site-packages/pytestqt/plugin.py:178: in pytest_runtest_setup
    result = yield
../.pyenv/versions/3.11.5/lib/python3.11/site-packages/pytestqt/plugin.py:178: in pytest_runtest_setup
    result = yield
tests/conftest.py:53: in docker_services
    pg_container = PostgresContainer("postgres:15-alpine")
../.pyenv/versions/3.11.5/lib/python3.11/site-packages/testcontainers/postgres/__init__.py:61: in __init__
    super().__init__(image=image, **kwargs)
../.pyenv/versions/3.11.5/lib/python3.11/site-packages/testcontainers/core/container.py:46: in __init__
    self._docker = DockerClient(**(docker_client_kw or {}))
../.pyenv/versions/3.11.5/lib/python3.11/site-packages/testcontainers/core/docker_client.py:56: in __init__
    self.client = docker.from_env(**kwargs)
../.pyenv/versions/3.11.5/lib/python3.11/site-packages/docker/client.py:94: in from_env
    return cls(
../.pyenv/versions/3.11.5/lib/python3.11/site-packages/docker/client.py:45: in __init__
    self.api = APIClient(*args, **kwargs)
../.pyenv/versions/3.11.5/lib/python3.11/site-packages/docker/api/client.py:207: in __init__
    self._version = self._retrieve_server_version()
../.pyenv/versions/3.11.5/lib/python3.11/site-packages/docker/api/client.py:230: in _retrieve_server_version
    raise DockerException(
E   docker.errors.DockerException: Error while fetching server API version: ('Connection aborted.', FileNotFoundError(2, 'No such file or directory'))
___________ ERROR at setup of TestTokenGeneration.test_token_length ____________
../.pyenv/versions/3.11.5/lib/python3.11/site-packages/urllib3/connectionpool.py:787: in urlopen
    response = self._make_request(
../.pyenv/versions/3.11.5/lib/python3.11/site-packages/urllib3/connectionpool.py:493: in _make_request
    conn.request(
../.pyenv/versions/3.11.5/lib/python3.11/site-packages/urllib3/connection.py:494: in request
    self.endheaders()
../.pyenv/versions/3.11.5/lib/python3.11/http/client.py:1281: in endheaders
    self._send_output(message_body, encode_chunked=encode_chunked)
../.pyenv/versions/3.11.5/lib/python3.11/http/client.py:1041: in _send_output
    self.send(msg)
../.pyenv/versions/3.11.5/lib/python3.11/http/client.py:979: in send
    self.connect()
../.pyenv/versions/3.11.5/lib/python3.11/site-packages/docker/transport/unixconn.py:26: in connect
    sock.connect(self.unix_socket)
E   FileNotFoundError: [Errno 2] No such file or directory

During handling of the above exception, another exception occurred:
../.pyenv/versions/3.11.5/lib/python3.11/site-packages/requests/adapters.py:667: in send
    resp = conn.urlopen(
../.pyenv/versions/3.11.5/lib/python3.11/site-packages/urllib3/connectionpool.py:841: in urlopen
    retries = retries.increment(
../.pyenv/versions/3.11.5/lib/python3.11/site-packages/urllib3/util/retry.py:474: in increment
    raise reraise(type(error), error, _stacktrace)
../.pyenv/versions/3.11.5/lib/python3.11/site-packages/urllib3/util/util.py:38: in reraise
    raise value.with_traceback(tb)
../.pyenv/versions/3.11.5/lib/python3.11/site-packages/urllib3/connectionpool.py:787: in urlopen
    response = self._make_request(
../.pyenv/versions/3.11.5/lib/python3.11/site-packages/urllib3/connectionpool.py:493: in _make_request
    conn.request(
../.pyenv/versions/3.11.5/lib/python3.11/site-packages/urllib3/connection.py:494: in request
    self.endheaders()
../.pyenv/versions/3.11.5/lib/python3.11/http/client.py:1281: in endheaders
    self._send_output(message_body, encode_chunked=encode_chunked)
../.pyenv/versions/3.11.5/lib/python3.11/http/client.py:1041: in _send_output
    self.send(msg)
../.pyenv/versions/3.11.5/lib/python3.11/http/client.py:979: in send
    self.connect()
../.pyenv/versions/3.11.5/lib/python3.11/site-packages/docker/transport/unixconn.py:26: in connect
    sock.connect(self.unix_socket)
E   urllib3.exceptions.ProtocolError: ('Connection aborted.', FileNotFoundError(2, 'No such file or directory'))

During handling of the above exception, another exception occurred:
../.pyenv/versions/3.11.5/lib/python3.11/site-packages/docker/api/client.py:223: in _retrieve_server_version
    return self.version(api_version=False)["ApiVersion"]
../.pyenv/versions/3.11.5/lib/python3.11/site-packages/docker/api/daemon.py:181: in version
    return self._result(self._get(url), json=True)
../.pyenv/versions/3.11.5/lib/python3.11/site-packages/docker/utils/decorators.py:44: in inner
    return f(self, *args, **kwargs)
../.pyenv/versions/3.11.5/lib/python3.11/site-packages/docker/api/client.py:246: in _get
    return self.get(url, **self._set_request_timeout(kwargs))
../.pyenv/versions/3.11.5/lib/python3.11/site-packages/requests/sessions.py:602: in get
    return self.request("GET", url, **kwargs)
../.pyenv/versions/3.11.5/lib/python3.11/site-packages/requests/sessions.py:589: in request
    resp = self.send(prep, **send_kwargs)
../.pyenv/versions/3.11.5/lib/python3.11/site-packages/requests/sessions.py:703: in send
    r = adapter.send(request, **kwargs)
../.pyenv/versions/3.11.5/lib/python3.11/site-packages/requests/adapters.py:682: in send
    raise ConnectionError(err, request=request)
E   requests.exceptions.ConnectionError: ('Connection aborted.', FileNotFoundError(2, 'No such file or directory'))

The above exception was the direct cause of the following exception:
../.pyenv/versions/3.11.5/lib/python3.11/site-packages/pytestqt/plugin.py:178: in pytest_runtest_setup
    result = yield
../.pyenv/versions/3.11.5/lib/python3.11/site-packages/pytestqt/plugin.py:178: in pytest_runtest_setup
    result = yield
../.pyenv/versions/3.11.5/lib/python3.11/site-packages/pytestqt/plugin.py:178: in pytest_runtest_setup
    result = yield
../.pyenv/versions/3.11.5/lib/python3.11/site-packages/pytestqt/plugin.py:178: in pytest_runtest_setup
    result = yield
../.pyenv/versions/3.11.5/lib/python3.11/site-packages/pytestqt/plugin.py:178: in pytest_runtest_setup
    result = yield
../.pyenv/versions/3.11.5/lib/python3.11/site-packages/pytestqt/plugin.py:178: in pytest_runtest_setup
    result = yield
../.pyenv/versions/3.11.5/lib/python3.11/site-packages/pytestqt/plugin.py:178: in pytest_runtest_setup
    result = yield
../.pyenv/versions/3.11.5/lib/python3.11/site-packages/pytestqt/plugin.py:178: in pytest_runtest_setup
    result = yield
../.pyenv/versions/3.11.5/lib/python3.11/site-packages/pytestqt/plugin.py:178: in pytest_runtest_setup
    result = yield
../.pyenv/versions/3.11.5/lib/python3.11/site-packages/pytestqt/plugin.py:178: in pytest_runtest_setup
    result = yield
../.pyenv/versions/3.11.5/lib/python3.11/site-packages/pytestqt/plugin.py:178: in pytest_runtest_setup
    result = yield
../.pyenv/versions/3.11.5/lib/python3.11/site-packages/pytestqt/plugin.py:178: in pytest_runtest_setup
    result = yield
tests/conftest.py:53: in docker_services
    pg_container = PostgresContainer("postgres:15-alpine")
../.pyenv/versions/3.11.5/lib/python3.11/site-packages/testcontainers/postgres/__init__.py:61: in __init__
    super().__init__(image=image, **kwargs)
../.pyenv/versions/3.11.5/lib/python3.11/site-packages/testcontainers/core/container.py:46: in __init__
    self._docker = DockerClient(**(docker_client_kw or {}))
../.pyenv/versions/3.11.5/lib/python3.11/site-packages/testcontainers/core/docker_client.py:56: in __init__
    self.client = docker.from_env(**kwargs)
../.pyenv/versions/3.11.5/lib/python3.11/site-packages/docker/client.py:94: in from_env
    return cls(
../.pyenv/versions/3.11.5/lib/python3.11/site-packages/docker/client.py:45: in __init__
    self.api = APIClient(*args, **kwargs)
../.pyenv/versions/3.11.5/lib/python3.11/site-packages/docker/api/client.py:207: in __init__
    self._version = self._retrieve_server_version()
../.pyenv/versions/3.11.5/lib/python3.11/site-packages/docker/api/client.py:230: in _retrieve_server_version
    raise DockerException(
E   docker.errors.DockerException: Error while fetching server API version: ('Connection aborted.', FileNotFoundError(2, 'No such file or directory'))
______ ERROR at setup of TestVideoValidator.test_validate_file_not_exists ______
../.pyenv/versions/3.11.5/lib/python3.11/site-packages/urllib3/connectionpool.py:787: in urlopen
    response = self._make_request(
../.pyenv/versions/3.11.5/lib/python3.11/site-packages/urllib3/connectionpool.py:493: in _make_request
    conn.request(
../.pyenv/versions/3.11.5/lib/python3.11/site-packages/urllib3/connection.py:494: in request
    self.endheaders()
../.pyenv/versions/3.11.5/lib/python3.11/http/client.py:1281: in endheaders
    self._send_output(message_body, encode_chunked=encode_chunked)
../.pyenv/versions/3.11.5/lib/python3.11/http/client.py:1041: in _send_output
    self.send(msg)
../.pyenv/versions/3.11.5/lib/python3.11/http/client.py:979: in send
    self.connect()
../.pyenv/versions/3.11.5/lib/python3.11/site-packages/docker/transport/unixconn.py:26: in connect
    sock.connect(self.unix_socket)
E   FileNotFoundError: [Errno 2] No such file or directory

During handling of the above exception, another exception occurred:
../.pyenv/versions/3.11.5/lib/python3.11/site-packages/requests/adapters.py:667: in send
    resp = conn.urlopen(
../.pyenv/versions/3.11.5/lib/python3.11/site-packages/urllib3/connectionpool.py:841: in urlopen
    retries = retries.increment(
../.pyenv/versions/3.11.5/lib/python3.11/site-packages/urllib3/util/retry.py:474: in increment
    raise reraise(type(error), error, _stacktrace)
../.pyenv/versions/3.11.5/lib/python3.11/site-packages/urllib3/util/util.py:38: in reraise
    raise value.with_traceback(tb)
../.pyenv/versions/3.11.5/lib/python3.11/site-packages/urllib3/connectionpool.py:787: in urlopen
    response = self._make_request(
../.pyenv/versions/3.11.5/lib/python3.11/site-packages/urllib3/connectionpool.py:493: in _make_request
    conn.request(
../.pyenv/versions/3.11.5/lib/python3.11/site-packages/urllib3/connection.py:494: in request
    self.endheaders()
../.pyenv/versions/3.11.5/lib/python3.11/http/client.py:1281: in endheaders
    self._send_output(message_body, encode_chunked=encode_chunked)
../.pyenv/versions/3.11.5/lib/python3.11/http/client.py:1041: in _send_output
    self.send(msg)
../.pyenv/versions/3.11.5/lib/python3.11/http/client.py:979: in send
    self.connect()
../.pyenv/versions/3.11.5/lib/python3.11/site-packages/docker/transport/unixconn.py:26: in connect
    sock.connect(self.unix_socket)
E   urllib3.exceptions.ProtocolError: ('Connection aborted.', FileNotFoundError(2, 'No such file or directory'))

During handling of the above exception, another exception occurred:
../.pyenv/versions/3.11.5/lib/python3.11/site-packages/docker/api/client.py:223: in _retrieve_server_version
    return self.version(api_version=False)["ApiVersion"]
../.pyenv/versions/3.11.5/lib/python3.11/site-packages/docker/api/daemon.py:181: in version
    return self._result(self._get(url), json=True)
../.pyenv/versions/3.11.5/lib/python3.11/site-packages/docker/utils/decorators.py:44: in inner
    return f(self, *args, **kwargs)
../.pyenv/versions/3.11.5/lib/python3.11/site-packages/docker/api/client.py:246: in _get
    return self.get(url, **self._set_request_timeout(kwargs))
../.pyenv/versions/3.11.5/lib/python3.11/site-packages/requests/sessions.py:602: in get
    return self.request("GET", url, **kwargs)
../.pyenv/versions/3.11.5/lib/python3.11/site-packages/requests/sessions.py:589: in request
    resp = self.send(prep, **send_kwargs)
../.pyenv/versions/3.11.5/lib/python3.11/site-packages/requests/sessions.py:703: in send
    r = adapter.send(request, **kwargs)
../.pyenv/versions/3.11.5/lib/python3.11/site-packages/requests/adapters.py:682: in send
    raise ConnectionError(err, request=request)
E   requests.exceptions.ConnectionError: ('Connection aborted.', FileNotFoundError(2, 'No such file or directory'))

The above exception was the direct cause of the following exception:
../.pyenv/versions/3.11.5/lib/python3.11/site-packages/pytestqt/plugin.py:178: in pytest_runtest_setup
    result = yield
../.pyenv/versions/3.11.5/lib/python3.11/site-packages/pytestqt/plugin.py:178: in pytest_runtest_setup
    result = yield
../.pyenv/versions/3.11.5/lib/python3.11/site-packages/pytestqt/plugin.py:178: in pytest_runtest_setup
    result = yield
../.pyenv/versions/3.11.5/lib/python3.11/site-packages/pytestqt/plugin.py:178: in pytest_runtest_setup
    result = yield
../.pyenv/versions/3.11.5/lib/python3.11/site-packages/pytestqt/plugin.py:178: in pytest_runtest_setup
    result = yield
../.pyenv/versions/3.11.5/lib/python3.11/site-packages/pytestqt/plugin.py:178: in pytest_runtest_setup
    result = yield
../.pyenv/versions/3.11.5/lib/python3.11/site-packages/pytestqt/plugin.py:178: in pytest_runtest_setup
    result = yield
../.pyenv/versions/3.11.5/lib/python3.11/site-packages/pytestqt/plugin.py:178: in pytest_runtest_setup
    result = yield
../.pyenv/versions/3.11.5/lib/python3.11/site-packages/pytestqt/plugin.py:178: in pytest_runtest_setup
    result = yield
../.pyenv/versions/3.11.5/lib/python3.11/site-packages/pytestqt/plugin.py:178: in pytest_runtest_setup
    result = yield
../.pyenv/versions/3.11.5/lib/python3.11/site-packages/pytestqt/plugin.py:178: in pytest_runtest_setup
    result = yield
../.pyenv/versions/3.11.5/lib/python3.11/site-packages/pytestqt/plugin.py:178: in pytest_runtest_setup
    result = yield
../.pyenv/versions/3.11.5/lib/python3.11/site-packages/pytestqt/plugin.py:178: in pytest_runtest_setup
    result = yield
tests/conftest.py:53: in docker_services
    pg_container = PostgresContainer("postgres:15-alpine")
../.pyenv/versions/3.11.5/lib/python3.11/site-packages/testcontainers/postgres/__init__.py:61: in __init__
    super().__init__(image=image, **kwargs)
../.pyenv/versions/3.11.5/lib/python3.11/site-packages/testcontainers/core/container.py:46: in __init__
    self._docker = DockerClient(**(docker_client_kw or {}))
../.pyenv/versions/3.11.5/lib/python3.11/site-packages/testcontainers/core/docker_client.py:56: in __init__
    self.client = docker.from_env(**kwargs)
../.pyenv/versions/3.11.5/lib/python3.11/site-packages/docker/client.py:94: in from_env
    return cls(
../.pyenv/versions/3.11.5/lib/python3.11/site-packages/docker/client.py:45: in __init__
    self.api = APIClient(*args, **kwargs)
../.pyenv/versions/3.11.5/lib/python3.11/site-packages/docker/api/client.py:207: in __init__
    self._version = self._retrieve_server_version()
../.pyenv/versions/3.11.5/lib/python3.11/site-packages/docker/api/client.py:230: in _retrieve_server_version
    raise DockerException(
E   docker.errors.DockerException: Error while fetching server API version: ('Connection aborted.', FileNotFoundError(2, 'No such file or directory'))
________ ERROR at setup of TestVideoValidator.test_validate_empty_file _________
../.pyenv/versions/3.11.5/lib/python3.11/site-packages/urllib3/connectionpool.py:787: in urlopen
    response = self._make_request(
../.pyenv/versions/3.11.5/lib/python3.11/site-packages/urllib3/connectionpool.py:493: in _make_request
    conn.request(
../.pyenv/versions/3.11.5/lib/python3.11/site-packages/urllib3/connection.py:494: in request
    self.endheaders()
../.pyenv/versions/3.11.5/lib/python3.11/http/client.py:1281: in endheaders
    self._send_output(message_body, encode_chunked=encode_chunked)
../.pyenv/versions/3.11.5/lib/python3.11/http/client.py:1041: in _send_output
    self.send(msg)
../.pyenv/versions/3.11.5/lib/python3.11/http/client.py:979: in send
    self.connect()
../.pyenv/versions/3.11.5/lib/python3.11/site-packages/docker/transport/unixconn.py:26: in connect
    sock.connect(self.unix_socket)
E   FileNotFoundError: [Errno 2] No such file or directory

During handling of the above exception, another exception occurred:
../.pyenv/versions/3.11.5/lib/python3.11/site-packages/requests/adapters.py:667: in send
    resp = conn.urlopen(
../.pyenv/versions/3.11.5/lib/python3.11/site-packages/urllib3/connectionpool.py:841: in urlopen
    retries = retries.increment(
../.pyenv/versions/3.11.5/lib/python3.11/site-packages/urllib3/util/retry.py:474: in increment
[...]
    result = yield
../.pyenv/versions/3.11.5/lib/python3.11/site-packages/pytestqt/plugin.py:178: in pytest_runtest_setup
    result = yield
../.pyenv/versions/3.11.5/lib/python3.11/site-packages/pytestqt/plugin.py:178: in pytest_runtest_setup
    result = yield
../.pyenv/versions/3.11.5/lib/python3.11/site-packages/pytestqt/plugin.py:178: in pytest_runtest_setup
    result = yield
../.pyenv/versions/3.11.5/lib/python3.11/site-packages/pytestqt/plugin.py:178: in pytest_runtest_setup
    result = yield
../.pyenv/versions/3.11.5/lib/python3.11/site-packages/pytestqt/plugin.py:178: in pytest_runtest_setup
    result = yield
../.pyenv/versions/3.11.5/lib/python3.11/site-packages/pytestqt/plugin.py:178: in pytest_runtest_setup
    result = yield
../.pyenv/versions/3.11.5/lib/python3.11/site-packages/pytestqt/plugin.py:178: in pytest_runtest_setup
    result = yield
../.pyenv/versions/3.11.5/lib/python3.11/site-packages/pytestqt/plugin.py:178: in pytest_runtest_setup
    result = yield
../.pyenv/versions/3.11.5/lib/python3.11/site-packages/pytestqt/plugin.py:178: in pytest_runtest_setup
    result = yield
../.pyenv/versions/3.11.5/lib/python3.11/site-packages/pytestqt/plugin.py:178: in pytest_runtest_setup
    result = yield
../.pyenv/versions/3.11.5/lib/python3.11/site-packages/pytestqt/plugin.py:178: in pytest_runtest_setup
    result = yield
../.pyenv/versions/3.11.5/lib/python3.11/site-packages/pytestqt/plugin.py:178: in pytest_runtest_setup
    result = yield
../.pyenv/versions/3.11.5/lib/python3.11/site-packages/pytestqt/plugin.py:178: in pytest_runtest_setup
    result = yield
../.pyenv/versions/3.11.5/lib/python3.11/site-packages/pytestqt/plugin.py:178: in pytest_runtest_setup
    result = yield
../.pyenv/versions/3.11.5/lib/python3.11/site-packages/pytestqt/plugin.py:178: in pytest_runtest_setup
    result = yield
../.pyenv/versions/3.11.5/lib/python3.11/site-packages/pytestqt/plugin.py:178: in pytest_runtest_setup
    result = yield
../.pyenv/versions/3.11.5/lib/python3.11/site-packages/pytestqt/plugin.py:178: in pytest_runtest_setup
    result = yield
../.pyenv/versions/3.11.5/lib/python3.11/site-packages/pytestqt/plugin.py:178: in pytest_runtest_setup
    result = yield
../.pyenv/versions/3.11.5/lib/python3.11/site-packages/pytestqt/plugin.py:178: in pytest_runtest_setup
    result = yield
../.pyenv/versions/3.11.5/lib/python3.11/site-packages/pytestqt/plugin.py:178: in pytest_runtest_setup
    result = yield
../.pyenv/versions/3.11.5/lib/python3.11/site-packages/pytestqt/plugin.py:178: in pytest_runtest_setup
    result = yield
../.pyenv/versions/3.11.5/lib/python3.11/site-packages/pytestqt/plugin.py:178: in pytest_runtest_setup
    result = yield
../.pyenv/versions/3.11.5/lib/python3.11/site-packages/pytestqt/plugin.py:178: in pytest_runtest_setup
    result = yield
tests/conftest.py:53: in docker_services
    pg_container = PostgresContainer("postgres:15-alpine")
../.pyenv/versions/3.11.5/lib/python3.11/site-packages/testcontainers/postgres/__init__.py:61: in __init__
    super().__init__(image=image, **kwargs)
../.pyenv/versions/3.11.5/lib/python3.11/site-packages/testcontainers/core/container.py:46: in __init__
    self._docker = DockerClient(**(docker_client_kw or {}))
../.pyenv/versions/3.11.5/lib/python3.11/site-packages/testcontainers/core/docker_client.py:56: in __init__
    self.client = docker.from_env(**kwargs)
../.pyenv/versions/3.11.5/lib/python3.11/site-packages/docker/client.py:94: in from_env
    return cls(
../.pyenv/versions/3.11.5/lib/python3.11/site-packages/docker/client.py:45: in __init__
    self.api = APIClient(*args, **kwargs)
../.pyenv/versions/3.11.5/lib/python3.11/site-packages/docker/api/client.py:207: in __init__
    self._version = self._retrieve_server_version()
../.pyenv/versions/3.11.5/lib/python3.11/site-packages/docker/api/client.py:230: in _retrieve_server_version
    raise DockerException(
E   docker.errors.DockerException: Error while fetching server API version: ('Connection aborted.', FileNotFoundError(2, 'No such file or directory'))
_________________ ERROR at setup of test_pipeline_json_output __________________
../.pyenv/versions/3.11.5/lib/python3.11/site-packages/urllib3/connectionpool.py:787: in urlopen
    response = self._make_request(
../.pyenv/versions/3.11.5/lib/python3.11/site-packages/urllib3/connectionpool.py:493: in _make_request
    conn.request(
../.pyenv/versions/3.11.5/lib/python3.11/site-packages/urllib3/connection.py:494: in request
    self.endheaders()
../.pyenv/versions/3.11.5/lib/python3.11/http/client.py:1281: in endheaders
    self._send_output(message_body, encode_chunked=encode_chunked)
../.pyenv/versions/3.11.5/lib/python3.11/http/client.py:1041: in _send_output
    self.send(msg)
../.pyenv/versions/3.11.5/lib/python3.11/http/client.py:979: in send
    self.connect()
../.pyenv/versions/3.11.5/lib/python3.11/site-packages/docker/transport/unixconn.py:26: in connect
    sock.connect(self.unix_socket)
E   FileNotFoundError: [Errno 2] No such file or directory

During handling of the above exception, another exception occurred:
../.pyenv/versions/3.11.5/lib/python3.11/site-packages/requests/adapters.py:667: in send
    resp = conn.urlopen(
../.pyenv/versions/3.11.5/lib/python3.11/site-packages/urllib3/connectionpool.py:841: in urlopen
    retries = retries.increment(
../.pyenv/versions/3.11.5/lib/python3.11/site-packages/urllib3/util/retry.py:474: in increment
    raise reraise(type(error), error, _stacktrace)
../.pyenv/versions/3.11.5/lib/python3.11/site-packages/urllib3/util/util.py:38: in reraise
    raise value.with_traceback(tb)
../.pyenv/versions/3.11.5/lib/python3.11/site-packages/urllib3/connectionpool.py:787: in urlopen
    response = self._make_request(
../.pyenv/versions/3.11.5/lib/python3.11/site-packages/urllib3/connectionpool.py:493: in _make_request
    conn.request(
../.pyenv/versions/3.11.5/lib/python3.11/site-packages/urllib3/connection.py:494: in request
    self.endheaders()
../.pyenv/versions/3.11.5/lib/python3.11/http/client.py:1281: in endheaders
    self._send_output(message_body, encode_chunked=encode_chunked)
../.pyenv/versions/3.11.5/lib/python3.11/http/client.py:1041: in _send_output
    self.send(msg)
../.pyenv/versions/3.11.5/lib/python3.11/http/client.py:979: in send
    self.connect()
../.pyenv/versions/3.11.5/lib/python3.11/site-packages/docker/transport/unixconn.py:26: in connect
    sock.connect(self.unix_socket)
E   urllib3.exceptions.ProtocolError: ('Connection aborted.', FileNotFoundError(2, 'No such file or directory'))

During handling of the above exception, another exception occurred:
../.pyenv/versions/3.11.5/lib/python3.11/site-packages/docker/api/client.py:223: in _retrieve_server_version
    return self.version(api_version=False)["ApiVersion"]
../.pyenv/versions/3.11.5/lib/python3.11/site-packages/docker/api/daemon.py:181: in version
    return self._result(self._get(url), json=True)
../.pyenv/versions/3.11.5/lib/python3.11/site-packages/docker/utils/decorators.py:44: in inner
    return f(self, *args, **kwargs)
../.pyenv/versions/3.11.5/lib/python3.11/site-packages/docker/api/client.py:246: in _get
    return self.get(url, **self._set_request_timeout(kwargs))
../.pyenv/versions/3.11.5/lib/python3.11/site-packages/requests/sessions.py:602: in get
    return self.request("GET", url, **kwargs)
../.pyenv/versions/3.11.5/lib/python3.11/site-packages/requests/sessions.py:589: in request
    resp = self.send(prep, **send_kwargs)
../.pyenv/versions/3.11.5/lib/python3.11/site-packages/requests/sessions.py:703: in send
    r = adapter.send(request, **kwargs)
../.pyenv/versions/3.11.5/lib/python3.11/site-packages/requests/adapters.py:682: in send
    raise ConnectionError(err, request=request)
E   requests.exceptions.ConnectionError: ('Connection aborted.', FileNotFoundError(2, 'No such file or directory'))

The above exception was the direct cause of the following exception:
../.pyenv/versions/3.11.5/lib/python3.11/site-packages/pytestqt/plugin.py:178: in pytest_runtest_setup
    result = yield
../.pyenv/versions/3.11.5/lib/python3.11/site-packages/pytestqt/plugin.py:178: in pytest_runtest_setup
    result = yield
../.pyenv/versions/3.11.5/lib/python3.11/site-packages/pytestqt/plugin.py:178: in pytest_runtest_setup
    result = yield
../.pyenv/versions/3.11.5/lib/python3.11/site-packages/pytestqt/plugin.py:178: in pytest_runtest_setup
    result = yield
../.pyenv/versions/3.11.5/lib/python3.11/site-packages/pytestqt/plugin.py:178: in pytest_runtest_setup
    result = yield
../.pyenv/versions/3.11.5/lib/python3.11/site-packages/pytestqt/plugin.py:178: in pytest_runtest_setup
    result = yield
../.pyenv/versions/3.11.5/lib/python3.11/site-packages/pytestqt/plugin.py:178: in pytest_runtest_setup
    result = yield
../.pyenv/versions/3.11.5/lib/python3.11/site-packages/pytestqt/plugin.py:178: in pytest_runtest_setup
    result = yield
../.pyenv/versions/3.11.5/lib/python3.11/site-packages/pytestqt/plugin.py:178: in pytest_runtest_setup
    result = yield
../.pyenv/versions/3.11.5/lib/python3.11/site-packages/pytestqt/plugin.py:178: in pytest_runtest_setup
    result = yield
../.pyenv/versions/3.11.5/lib/python3.11/site-packages/pytestqt/plugin.py:178: in pytest_runtest_setup
    result = yield
../.pyenv/versions/3.11.5/lib/python3.11/site-packages/pytestqt/plugin.py:178: in pytest_runtest_setup
    result = yield
../.pyenv/versions/3.11.5/lib/python3.11/site-packages/pytestqt/plugin.py:178: in pytest_runtest_setup
    result = yield
../.pyenv/versions/3.11.5/lib/python3.11/site-packages/pytestqt/plugin.py:178: in pytest_runtest_setup
    result = yield
../.pyenv/versions/3.11.5/lib/python3.11/site-packages/pytestqt/plugin.py:178: in pytest_runtest_setup
    result = yield
../.pyenv/versions/3.11.5/lib/python3.11/site-packages/pytestqt/plugin.py:178: in pytest_runtest_setup
    result = yield
../.pyenv/versions/3.11.5/lib/python3.11/site-packages/pytestqt/plugin.py:178: in pytest_runtest_setup
    result = yield
../.pyenv/versions/3.11.5/lib/python3.11/site-packages/pytestqt/plugin.py:178: in pytest_runtest_setup
    result = yield
../.pyenv/versions/3.11.5/lib/python3.11/site-packages/pytestqt/plugin.py:178: in pytest_runtest_setup
    result = yield
../.pyenv/versions/3.11.5/lib/python3.11/site-packages/pytestqt/plugin.py:178: in pytest_runtest_setup
    result = yield
../.pyenv/versions/3.11.5/lib/python3.11/site-packages/pytestqt/plugin.py:178: in pytest_runtest_setup
    result = yield
../.pyenv/versions/3.11.5/lib/python3.11/site-packages/pytestqt/plugin.py:178: in pytest_runtest_setup
    result = yield
../.pyenv/versions/3.11.5/lib/python3.11/site-packages/pytestqt/plugin.py:178: in pytest_runtest_setup
    result = yield
../.pyenv/versions/3.11.5/lib/python3.11/site-packages/pytestqt/plugin.py:178: in pytest_runtest_setup
    result = yield
../.pyenv/versions/3.11.5/lib/python3.11/site-packages/pytestqt/plugin.py:178: in pytest_runtest_setup
    result = yield
../.pyenv/versions/3.11.5/lib/python3.11/site-packages/pytestqt/plugin.py:178: in pytest_runtest_setup
    result = yield
../.pyenv/versions/3.11.5/lib/python3.11/site-packages/pytestqt/plugin.py:178: in pytest_runtest_setup
    result = yield
../.pyenv/versions/3.11.5/lib/python3.11/site-packages/pytestqt/plugin.py:178: in pytest_runtest_setup
    result = yield
../.pyenv/versions/3.11.5/lib/python3.11/site-packages/pytestqt/plugin.py:178: in pytest_runtest_setup
    result = yield
../.pyenv/versions/3.11.5/lib/python3.11/site-packages/pytestqt/plugin.py:178: in pytest_runtest_setup
    result = yield
../.pyenv/versions/3.11.5/lib/python3.11/site-packages/pytestqt/plugin.py:178: in pytest_runtest_setup
    result = yield
../.pyenv/versions/3.11.5/lib/python3.11/site-packages/pytestqt/plugin.py:178: in pytest_runtest_setup
    result = yield
../.pyenv/versions/3.11.5/lib/python3.11/site-packages/pytestqt/plugin.py:178: in pytest_runtest_setup
    result = yield
../.pyenv/versions/3.11.5/lib/python3.11/site-packages/pytestqt/plugin.py:178: in pytest_runtest_setup
    result = yield
../.pyenv/versions/3.11.5/lib/python3.11/site-packages/pytestqt/plugin.py:178: in pytest_runtest_setup
    result = yield
../.pyenv/versions/3.11.5/lib/python3.11/site-packages/pytestqt/plugin.py:178: in pytest_runtest_setup
    result = yield
../.pyenv/versions/3.11.5/lib/python3.11/site-packages/pytestqt/plugin.py:178: in pytest_runtest_setup
    result = yield
../.pyenv/versions/3.11.5/lib/python3.11/site-packages/pytestqt/plugin.py:178: in pytest_runtest_setup
    result = yield
../.pyenv/versions/3.11.5/lib/python3.11/site-packages/pytestqt/plugin.py:178: in pytest_runtest_setup
    result = yield
../.pyenv/versions/3.11.5/lib/python3.11/site-packages/pytestqt/plugin.py:178: in pytest_runtest_setup
    result = yield
../.pyenv/versions/3.11.5/lib/python3.11/site-packages/pytestqt/plugin.py:178: in pytest_runtest_setup
    result = yield
../.pyenv/versions/3.11.5/lib/python3.11/site-packages/pytestqt/plugin.py:178: in pytest_runtest_setup
    result = yield
../.pyenv/versions/3.11.5/lib/python3.11/site-packages/pytestqt/plugin.py:178: in pytest_runtest_setup
    result = yield
../.pyenv/versions/3.11.5/lib/python3.11/site-packages/pytestqt/plugin.py:178: in pytest_runtest_setup
    result = yield
../.pyenv/versions/3.11.5/lib/python3.11/site-packages/pytestqt/plugin.py:178: in pytest_runtest_setup
    result = yield
../.pyenv/versions/3.11.5/lib/python3.11/site-packages/pytestqt/plugin.py:178: in pytest_runtest_setup
    result = yield
../.pyenv/versions/3.11.5/lib/python3.11/site-packages/pytestqt/plugin.py:178: in pytest_runtest_setup
    result = yield
tests/conftest.py:53: in docker_services
    pg_container = PostgresContainer("postgres:15-alpine")
../.pyenv/versions/3.11.5/lib/python3.11/site-packages/testcontainers/postgres/__init__.py:61: in __init__
    super().__init__(image=image, **kwargs)
../.pyenv/versions/3.11.5/lib/python3.11/site-packages/testcontainers/core/container.py:46: in __init__
    self._docker = DockerClient(**(docker_client_kw or {}))
../.pyenv/versions/3.11.5/lib/python3.11/site-packages/testcontainers/core/docker_client.py:56: in __init__
    self.client = docker.from_env(**kwargs)
../.pyenv/versions/3.11.5/lib/python3.11/site-packages/docker/client.py:94: in from_env
    return cls(
../.pyenv/versions/3.11.5/lib/python3.11/site-packages/docker/client.py:45: in __init__
    self.api = APIClient(*args, **kwargs)
../.pyenv/versions/3.11.5/lib/python3.11/site-packages/docker/api/client.py:207: in __init__
    self._version = self._retrieve_server_version()
../.pyenv/versions/3.11.5/lib/python3.11/site-packages/docker/api/client.py:230: in _retrieve_server_version
    raise DockerException(
E   docker.errors.DockerException: Error while fetching server API version: ('Connection aborted.', FileNotFoundError(2, 'No such file or directory'))
=========================== short test summary info ============================
ERROR tests/test_security.py::TestPathSecurity::test_valid_paths - docker.err...
ERROR tests/test_security.py::TestPathSecurity::test_path_traversal_detection
ERROR tests/test_security.py::TestPathSecurity::test_filename_validation - do...
ERROR tests/test_security.py::TestSQLInjectionPrevention::test_table_validation
ERROR tests/test_security.py::TestSQLInjectionPrevention::test_column_validation
ERROR tests/test_security.py::TestSQLInjectionPrevention::test_value_sanitization
ERROR tests/test_security.py::TestInputValidation::test_job_id_validation - d...
ERROR tests/test_security.py::TestInputValidation::test_email_validation - do...
ERROR tests/test_security.py::TestInputValidation::test_url_validation - dock...
ERROR tests/test_security.py::TestInputValidation::test_user_input_sanitization
ERROR tests/test_security.py::TestTokenGeneration::test_token_generation - do...
ERROR tests/test_security.py::TestTokenGeneration::test_token_length - docker...
ERROR tests/test_video_validator.py::TestVideoValidator::test_validate_file_not_exists
ERROR tests/test_video_validator.py::TestVideoValidator::test_validate_empty_file
ERROR tests/test_video_validator.py::TestVideoValidator::test_validate_valid_video
ERROR tests/test_video_validator.py::TestVideoValidator::test_detect_moov_atom_corruption
ERROR tests/test_video_validator.py::TestVideoValidator::test_detect_hdr_video
ERROR tests/test_video_validator.py::TestVideoValidator::test_validate_metadata_duration_limits
ERROR tests/test_video_validator.py::TestVideoValidator::test_validate_metadata_resolution_limits
ERROR tests/test_video_validator.py::TestVideoValidator::test_validate_metadata_fps_limits
ERROR tests/test_video_validator.py::TestVideoValidator::test_validate_metadata_unsupported_codec
ERROR tests/test_video_validator.py::TestVideoValidator::test_calculate_file_hash
ERROR tests/test_video_validator.py::TestVideoValidator::test_validate_and_store
ERROR tests/test_video_validator.py::TestVideoValidator::test_validate_and_store_failure
ERROR tests/test_video_validator.py::TestPreflightIntegration::test_perform_preflight_check_success
ERROR tests/test_video_validator.py::TestPreflightIntegration::test_perform_preflight_check_failure
ERROR tests/test_exceptions.py::TestMontageError::test_montage_error_creation
ERROR tests/test_exceptions.py::TestMontageError::test_montage_error_to_dict
ERROR tests/test_exceptions.py::TestSpecificErrors::test_video_too_large_error
ERROR tests/test_exceptions.py::TestSpecificErrors::test_api_key_error - dock...
ERROR tests/test_exceptions.py::TestSpecificErrors::test_rate_limit_error - d...
ERROR tests/test_exceptions.py::TestSpecificErrors::test_job_not_found_error
ERROR tests/test_exceptions.py::TestSpecificErrors::test_authentication_error
ERROR tests/test_exceptions.py::TestSpecificErrors::test_validation_error - d...
ERROR tests/test_exceptions.py::TestErrorHandler::test_handle_montage_error
ERROR tests/test_exceptions.py::TestErrorHandler::test_handle_standard_error
ERROR tests/test_exceptions.py::TestErrorHandler::test_handle_unknown_error
ERROR tests/test_exceptions.py::TestErrorHandler::test_handle_error_with_debug_context
ERROR tests/test_exceptions.py::TestErrorHandler::test_get_user_friendly_message_montage_error
ERROR tests/test_exceptions.py::TestErrorHandler::test_get_user_friendly_message_standard_error
ERROR tests/test_exceptions.py::TestErrorHandler::test_get_user_friendly_message_unknown_error
ERROR tests/test_e2e.py::test_video_analysis - docker.errors.DockerException:...
ERROR tests/test_e2e.py::test_highlight_selection - docker.errors.DockerExcep...
ERROR tests/test_e2e.py::test_ffmpeg_utils - docker.errors.DockerException: E...
ERROR tests/test_e2e.py::test_mcp_server - docker.errors.DockerException: Err...
ERROR tests/test_e2e.py::test_e2e_pipeline - docker.errors.DockerException: E...
ERROR tests/test_e2e.py::test_pipeline_json_output - docker.errors.DockerExce...
============================== 47 errors in 4.97s ==============================
--- Logging error ---
Traceback (most recent call last):
  File "/Users/hawzhin/.pyenv/versions/3.11.5/lib/python3.11/logging/__init__.py", line 1113, in emit
    stream.write(msg + self.terminator)
ValueError: I/O operation on closed file.
Call stack:
  File "/Users/hawzhin/Montage/src/utils/resource_manager.py", line 155, in cleanup_all
    logger.info("Cleaning up all tracked resources")
Message: 'Cleaning up all tracked resources'
Arguments: ()
--- Logging error ---
Traceback (most recent call last):
  File "/Users/hawzhin/.pyenv/versions/3.11.5/lib/python3.11/logging/__init__.py", line 1113, in emit
    stream.write(msg + self.terminator)
ValueError: I/O operation on closed file.
Call stack:
  File "/Users/hawzhin/Montage/src/utils/resource_manager.py", line 177, in cleanup_all
    logger.info("Resource cleanup completed")
Message: 'Resource cleanup completed'
Arguments: ()
